[2019-01-06T14:36:36.520] [TRACE] gate - load.begin
[2019-01-06T14:36:36.761] [TRACE] gate - load.response:{"list":[{"id":1,"GUID":"4ade2b6a-967f-40d8-b791-8939623238e2","createdAt":"2018-11-01T17:17:43.000Z","updatedAt":"2018-11-01T17:17:43.000Z","humanId":null,"name":"1","code":null,"email":null,"token":null,"avatar":"United States of America-01.png","password":"1","humanName":"American","language":"en-US"},{"id":2,"GUID":"ffc2bbb4-6a07-41c7-b8bd-a14779f3cc78","createdAt":"2018-11-01T17:21:40.000Z","updatedAt":"2018-11-01T17:21:40.000Z","humanId":null,"name":"2","code":null,"email":null,"token":null,"avatar":"Hungary-01.png","password":"2","humanName":"Hungarian","language":"hu-HU"}],"result":{"code":1,"message":"success!"}}
[2019-01-06T14:36:36.765] [TRACE] gate - load.insertUser.request:{"user":"1","password":"1"}
[2019-01-06T14:36:36.857] [TRACE] gate - load.insertUser.response:{"ac4yIdentification":{"GUID":"3c96991c-b54d-401d-8227-f28afceb5fff","createdAt":1546781796842,"template":{"GUID":"a135c1c5-8b8e-4ad2-894d-9858305a82e5","createdAt":1546781796842,"humanId":"Ac4yServiceResponse"}},"result":{"code":1,"message":"success!"}}
[2019-01-06T14:36:36.858] [TRACE] gate - load.insertUser.request:{"user":"2","password":"2"}
[2019-01-06T14:36:36.866] [TRACE] gate - load.insertUser.response:{"ac4yIdentification":{"GUID":"687209b0-212d-4de5-a746-cf3e4e7ba803","createdAt":1546781796863,"template":{"GUID":"102071f9-9300-4f85-9867-11bc37a78dd6","createdAt":1546781796863,"humanId":"Ac4yServiceResponse"}},"result":{"code":1,"message":"success!"}}
[2019-01-06T14:36:36.867] [TRACE] gate - load.end
[2019-01-06T14:36:54.391] [TRACE] gate - load.begin
[2019-01-06T14:36:54.558] [TRACE] gate - load.response:{"list":[{"id":1,"GUID":"4ade2b6a-967f-40d8-b791-8939623238e2","createdAt":"2018-11-01T17:17:43.000Z","updatedAt":"2018-11-01T17:17:43.000Z","humanId":null,"name":"1","code":null,"email":null,"token":null,"avatar":"United States of America-01.png","password":"1","humanName":"American","language":"en-US"},{"id":2,"GUID":"ffc2bbb4-6a07-41c7-b8bd-a14779f3cc78","createdAt":"2018-11-01T17:21:40.000Z","updatedAt":"2018-11-01T17:21:40.000Z","humanId":null,"name":"2","code":null,"email":null,"token":null,"avatar":"Hungary-01.png","password":"2","humanName":"Hungarian","language":"hu-HU"}],"result":{"code":1,"message":"success!"}}
[2019-01-06T14:36:54.564] [TRACE] gate - load.insertUser.request:{"user":"1","password":"1"}
[2019-01-06T14:36:54.587] [TRACE] gate - load.insertUser.response:{"ac4yIdentification":{"GUID":"a251e478-f839-4e1f-8540-fdf2c65e3683","createdAt":1546781814580,"template":{"GUID":"23209824-86eb-485a-9068-e128b7eaf1be","createdAt":1546781814580,"humanId":"Ac4yServiceResponse"}},"result":{"code":1,"message":"success!"}}
[2019-01-06T14:36:54.589] [TRACE] gate - load.insertUser.request:{"user":"2","password":"2"}
[2019-01-06T14:36:54.598] [TRACE] gate - load.insertUser.response:{"ac4yIdentification":{"GUID":"590fec47-938b-4c2a-b2d5-128655d8f8f5","createdAt":1546781814596,"template":{"GUID":"c877bc73-a4dc-49df-84f5-f7922dfaf3f9","createdAt":1546781814596,"humanId":"Ac4yServiceResponse"}},"result":{"code":1,"message":"success!"}}
[2019-01-06T14:36:54.599] [TRACE] gate - load.end
[2019-01-07T09:17:22.584] [TRACE] gate - load.begin
[2019-01-07T09:17:22.848] [TRACE] gate - load.response:{"list":[{"id":1,"GUID":"4ade2b6a-967f-40d8-b791-8939623238e2","createdAt":"2018-11-01T17:17:43.000Z","updatedAt":"2018-11-01T17:17:43.000Z","humanId":null,"name":"1","code":null,"email":null,"token":null,"avatar":"United States of America-01.png","password":"1","humanName":"American","language":"en-US"},{"id":2,"GUID":"ffc2bbb4-6a07-41c7-b8bd-a14779f3cc78","createdAt":"2018-11-01T17:21:40.000Z","updatedAt":"2018-11-01T17:21:40.000Z","humanId":null,"name":"2","code":null,"email":null,"token":null,"avatar":"Hungary-01.png","password":"2","humanName":"Hungarian","language":"hu-HU"}],"result":{"code":1,"message":"success!"}}
[2019-01-07T09:17:22.852] [TRACE] gate - load.insertUser.request:{"user":"1","password":"1"}
[2019-01-07T09:18:37.434] [TRACE] gate - load.begin
[2019-01-07T09:18:37.618] [TRACE] gate - load.response:{"list":[{"id":1,"GUID":"4ade2b6a-967f-40d8-b791-8939623238e2","createdAt":"2018-11-01T17:17:43.000Z","updatedAt":"2018-11-01T17:17:43.000Z","humanId":null,"name":"1","code":null,"email":null,"token":null,"avatar":"United States of America-01.png","password":"1","humanName":"American","language":"en-US"},{"id":2,"GUID":"ffc2bbb4-6a07-41c7-b8bd-a14779f3cc78","createdAt":"2018-11-01T17:21:40.000Z","updatedAt":"2018-11-01T17:21:40.000Z","humanId":null,"name":"2","code":null,"email":null,"token":null,"avatar":"Hungary-01.png","password":"2","humanName":"Hungarian","language":"hu-HU"}],"result":{"code":1,"message":"success!"}}
[2019-01-07T09:18:37.622] [TRACE] gate - load.insertUser.request:{"user":"1","password":"1"}
[2019-01-07T09:18:37.702] [TRACE] gate - load.insertUser.response:{"ac4yIdentification":{"GUID":"42f20e09-2725-4c9e-a236-93ac8f8d20c4","createdAt":1546849117690,"template":{"GUID":"096edac8-1d87-4ab5-9bcc-7db18791fa27","createdAt":1546849117690,"humanId":"Ac4yServiceResponse"}},"result":{"code":1,"message":"success!"}}
[2019-01-07T09:18:37.703] [TRACE] gate - load.insertUser.request:{"user":"2","password":"2"}
[2019-01-07T09:18:37.710] [TRACE] gate - load.insertUser.response:{"ac4yIdentification":{"GUID":"e67387c0-1f69-425a-a9ac-a483d027f644","createdAt":1546849117708,"template":{"GUID":"e9e3d0d8-8eed-4209-9b86-e5bc8fb9226c","createdAt":1546849117708,"humanId":"Ac4yServiceResponse"}},"result":{"code":1,"message":"success!"}}
[2019-01-07T09:18:37.711] [TRACE] gate - load.end
[2019-01-07T09:21:04.301] [TRACE] gate - getAllTranslateUsers.request:undefined
[2019-01-07T09:21:04.309] [TRACE] gate - getAllTranslateUsers.response:{"list":[{"id":1,"GUID":"4ade2b6a-967f-40d8-b791-8939623238e2","createdAt":"2018-11-01T17:17:43.000Z","updatedAt":"2018-11-01T17:17:43.000Z","humanId":null,"name":"1","code":null,"email":null,"token":null,"avatar":"United States of America-01.png","password":"1","humanName":"American","language":"en-US"},{"id":2,"GUID":"ffc2bbb4-6a07-41c7-b8bd-a14779f3cc78","createdAt":"2018-11-01T17:21:40.000Z","updatedAt":"2018-11-01T17:21:40.000Z","humanId":null,"name":"2","code":null,"email":null,"token":null,"avatar":"Hungary-01.png","password":"2","humanName":"Hungarian","language":"hu-HU"}],"result":{"code":1,"message":"success!"}}
[2019-01-07T09:28:00.937] [TRACE] gate - getAllTranslateUsers.request:undefined
[2019-01-07T09:28:00.943] [TRACE] gate - getAllTranslateUsers.response:{"list":[{"id":1,"GUID":"4ade2b6a-967f-40d8-b791-8939623238e2","createdAt":"2018-11-01T17:17:43.000Z","updatedAt":"2018-11-01T17:17:43.000Z","humanId":null,"name":"1","code":null,"email":null,"token":null,"avatar":"United States of America-01.png","password":"1","humanName":"American","language":"en-US"},{"id":2,"GUID":"ffc2bbb4-6a07-41c7-b8bd-a14779f3cc78","createdAt":"2018-11-01T17:21:40.000Z","updatedAt":"2018-11-01T17:21:40.000Z","humanId":null,"name":"2","code":null,"email":null,"token":null,"avatar":"Hungary-01.png","password":"2","humanName":"Hungarian","language":"hu-HU"}],"result":{"code":1,"message":"success!"}}
[2019-01-07T09:28:33.593] [TRACE] gate - getAllTranslateUsers.request:undefined
[2019-01-07T09:28:33.599] [TRACE] gate - getAllTranslateUsers.response:{"list":[{"id":1,"GUID":"4ade2b6a-967f-40d8-b791-8939623238e2","createdAt":"2018-11-01T17:17:43.000Z","updatedAt":"2018-11-01T17:17:43.000Z","humanId":null,"name":"1","code":null,"email":null,"token":null,"avatar":"United States of America-01.png","password":"1","humanName":"American","language":"en-US"},{"id":2,"GUID":"ffc2bbb4-6a07-41c7-b8bd-a14779f3cc78","createdAt":"2018-11-01T17:21:40.000Z","updatedAt":"2018-11-01T17:21:40.000Z","humanId":null,"name":"2","code":null,"email":null,"token":null,"avatar":"Hungary-01.png","password":"2","humanName":"Hungarian","language":"hu-HU"}],"result":{"code":1,"message":"success!"}}
[2019-01-07T09:31:08.922] [TRACE] gate - getAllTranslateUsers.request:undefined
[2019-01-07T09:31:08.927] [TRACE] gate - getAllTranslateUsers.response:{"list":[{"id":1,"GUID":"4ade2b6a-967f-40d8-b791-8939623238e2","createdAt":"2018-11-01T17:17:43.000Z","updatedAt":"2018-11-01T17:17:43.000Z","humanId":null,"name":"1","code":null,"email":null,"token":null,"avatar":"United States of America-01.png","password":"1","humanName":"American","language":"en-US"},{"id":2,"GUID":"ffc2bbb4-6a07-41c7-b8bd-a14779f3cc78","createdAt":"2018-11-01T17:21:40.000Z","updatedAt":"2018-11-01T17:21:40.000Z","humanId":null,"name":"2","code":null,"email":null,"token":null,"avatar":"Hungary-01.png","password":"2","humanName":"Hungarian","language":"hu-HU"}],"result":{"code":1,"message":"success!"}}
[2019-01-07T09:54:46.169] [TRACE] gate - getAllTranslateUsers.request:undefined
[2019-01-07T09:54:46.175] [TRACE] gate - getAllTranslateUsers.response:{"list":[{"id":1,"GUID":"4ade2b6a-967f-40d8-b791-8939623238e2","createdAt":"2018-11-01T17:17:43.000Z","updatedAt":"2018-11-01T17:17:43.000Z","humanId":null,"name":"1","code":null,"email":null,"token":null,"avatar":"United States of America-01.png","password":"1","humanName":"American","language":"en-US"},{"id":2,"GUID":"ffc2bbb4-6a07-41c7-b8bd-a14779f3cc78","createdAt":"2018-11-01T17:21:40.000Z","updatedAt":"2018-11-01T17:21:40.000Z","humanId":null,"name":"2","code":null,"email":null,"token":null,"avatar":"Hungary-01.png","password":"2","humanName":"Hungarian","language":"hu-HU"}],"result":{"code":1,"message":"success!"}}
[2019-01-07T09:54:55.668] [TRACE] gate - getAllTranslateUsers.request:undefined
[2019-01-07T09:54:55.673] [TRACE] gate - getAllTranslateUsers.response:{"list":[{"id":1,"GUID":"4ade2b6a-967f-40d8-b791-8939623238e2","createdAt":"2018-11-01T17:17:43.000Z","updatedAt":"2018-11-01T17:17:43.000Z","humanId":null,"name":"1","code":null,"email":null,"token":null,"avatar":"United States of America-01.png","password":"1","humanName":"American","language":"en-US"},{"id":2,"GUID":"ffc2bbb4-6a07-41c7-b8bd-a14779f3cc78","createdAt":"2018-11-01T17:21:40.000Z","updatedAt":"2018-11-01T17:21:40.000Z","humanId":null,"name":"2","code":null,"email":null,"token":null,"avatar":"Hungary-01.png","password":"2","humanName":"Hungarian","language":"hu-HU"}],"result":{"code":1,"message":"success!"}}
[2019-01-07T09:56:05.980] [TRACE] gate - getAllTranslateUsers.request:undefined
[2019-01-07T09:56:05.985] [TRACE] gate - getAllTranslateUsers.response:{"list":[{"id":1,"GUID":"4ade2b6a-967f-40d8-b791-8939623238e2","createdAt":"2018-11-01T17:17:43.000Z","updatedAt":"2018-11-01T17:17:43.000Z","humanId":null,"name":"1","code":null,"email":null,"token":null,"avatar":"United States of America-01.png","password":"1","humanName":"American","language":"en-US"},{"id":2,"GUID":"ffc2bbb4-6a07-41c7-b8bd-a14779f3cc78","createdAt":"2018-11-01T17:21:40.000Z","updatedAt":"2018-11-01T17:21:40.000Z","humanId":null,"name":"2","code":null,"email":null,"token":null,"avatar":"Hungary-01.png","password":"2","humanName":"Hungarian","language":"hu-HU"}],"result":{"code":1,"message":"success!"}}
[2019-01-07T09:56:50.810] [TRACE] gate - getAllTranslateUsers.request:undefined
[2019-01-07T09:56:50.816] [TRACE] gate - getAllTranslateUsers.response:{"list":[{"id":1,"GUID":"4ade2b6a-967f-40d8-b791-8939623238e2","createdAt":"2018-11-01T17:17:43.000Z","updatedAt":"2018-11-01T17:17:43.000Z","humanId":null,"name":"1","code":null,"email":null,"token":null,"avatar":"United States of America-01.png","password":"1","humanName":"American","language":"en-US"},{"id":2,"GUID":"ffc2bbb4-6a07-41c7-b8bd-a14779f3cc78","createdAt":"2018-11-01T17:21:40.000Z","updatedAt":"2018-11-01T17:21:40.000Z","humanId":null,"name":"2","code":null,"email":null,"token":null,"avatar":"Hungary-01.png","password":"2","humanName":"Hungarian","language":"hu-HU"}],"result":{"code":1,"message":"success!"}}
[2019-01-07T09:57:55.540] [TRACE] gate - getAllTranslateUsers.request:undefined
[2019-01-07T09:57:55.546] [TRACE] gate - getAllTranslateUsers.response:{"list":[{"id":1,"GUID":"4ade2b6a-967f-40d8-b791-8939623238e2","createdAt":"2018-11-01T17:17:43.000Z","updatedAt":"2018-11-01T17:17:43.000Z","humanId":null,"name":"1","code":null,"email":null,"token":null,"avatar":"United States of America-01.png","password":"1","humanName":"American","language":"en-US"},{"id":2,"GUID":"ffc2bbb4-6a07-41c7-b8bd-a14779f3cc78","createdAt":"2018-11-01T17:21:40.000Z","updatedAt":"2018-11-01T17:21:40.000Z","humanId":null,"name":"2","code":null,"email":null,"token":null,"avatar":"Hungary-01.png","password":"2","humanName":"Hungarian","language":"hu-HU"}],"result":{"code":1,"message":"success!"}}
[2019-01-07T10:18:15.552] [TRACE] gate - load.begin
[2019-01-07T10:18:15.702] [TRACE] gate - load.response:{"list":[{"id":1,"GUID":"4ade2b6a-967f-40d8-b791-8939623238e2","createdAt":"2018-11-01T17:17:43.000Z","updatedAt":"2018-11-01T17:17:43.000Z","humanId":null,"name":"1","code":null,"email":null,"token":null,"avatar":"United States of America-01.png","password":"1","humanName":"American","language":"en-US"},{"id":2,"GUID":"ffc2bbb4-6a07-41c7-b8bd-a14779f3cc78","createdAt":"2018-11-01T17:21:40.000Z","updatedAt":"2018-11-01T17:21:40.000Z","humanId":null,"name":"2","code":null,"email":null,"token":null,"avatar":"Hungary-01.png","password":"2","humanName":"Hungarian","language":"hu-HU"}],"result":{"code":1,"message":"success!"}}
[2019-01-07T10:18:15.705] [TRACE] gate - load.insertUser.request:{"user":"1","password":"1"}
[2019-01-07T10:18:15.759] [TRACE] gate - load.insertUser.response:{"ac4yIdentification":{"GUID":"a17806b7-8b3a-4d8a-9e5f-0b71cc765fee","createdAt":1546852695745,"template":{"GUID":"d2dbebf7-b386-448a-b0f8-54626a55ffab","createdAt":1546852695745,"humanId":"Ac4yServiceResponse"}},"result":{"code":1,"message":"success!"}}
[2019-01-07T10:18:15.760] [TRACE] gate - load.insertUser.request:{"user":"2","password":"2"}
[2019-01-07T10:18:15.767] [TRACE] gate - load.insertUser.response:{"ac4yIdentification":{"GUID":"42f21170-bdc9-43a4-8759-72d4b3e1d4ca","createdAt":1546852695765,"template":{"GUID":"3b94cdab-512a-4ba5-9123-c08be31f737c","createdAt":1546852695765,"humanId":"Ac4yServiceResponse"}},"result":{"code":1,"message":"success!"}}
[2019-01-07T10:18:15.768] [TRACE] gate - load.end
[2019-01-07T10:19:19.461] [TRACE] gate - load.begin
[2019-01-07T10:19:19.617] [TRACE] gate - load.response:{"list":[{"id":1,"GUID":"4ade2b6a-967f-40d8-b791-8939623238e2","createdAt":"2018-11-01T17:17:43.000Z","updatedAt":"2018-11-01T17:17:43.000Z","humanId":null,"name":"1","code":null,"email":null,"token":null,"avatar":"United States of America-01.png","password":"1","humanName":"American","language":"en-US"},{"id":2,"GUID":"ffc2bbb4-6a07-41c7-b8bd-a14779f3cc78","createdAt":"2018-11-01T17:21:40.000Z","updatedAt":"2018-11-01T17:21:40.000Z","humanId":null,"name":"2","code":null,"email":null,"token":null,"avatar":"Hungary-01.png","password":"2","humanName":"Hungarian","language":"hu-HU"}],"result":{"code":1,"message":"success!"}}
[2019-01-07T10:19:19.622] [TRACE] gate - load.insertUser.request:{"user":"1","password":"1"}
[2019-01-07T10:19:19.670] [TRACE] gate - load.insertUser.response:{"ac4yIdentification":{"GUID":"2c52eb8d-e741-4c6a-9d54-9715195fa765","createdAt":1546852759660,"template":{"GUID":"7a2ebfa4-95c5-4c08-9ffc-f6b7ec0174af","createdAt":1546852759660,"humanId":"Ac4yServiceResponse"}},"result":{"code":1,"message":"success!"}}
[2019-01-07T10:19:19.671] [TRACE] gate - load.insertUser.request:{"user":"2","password":"2"}
[2019-01-07T10:19:19.678] [TRACE] gate - load.insertUser.response:{"ac4yIdentification":{"GUID":"a42306ca-d4bf-4af0-8e6f-54406ee2f24c","createdAt":1546852759675,"template":{"GUID":"3c1edfbf-4793-48c0-bf91-5f7f122a32c1","createdAt":1546852759675,"humanId":"Ac4yServiceResponse"}},"result":{"code":1,"message":"success!"}}
[2019-01-07T10:19:19.679] [TRACE] gate - load.end
[2019-01-07T10:40:27.352] [TRACE] gate - load.begin
[2019-01-07T10:40:27.656] [TRACE] gate - load.response:{"list":[{"id":1,"GUID":"4ade2b6a-967f-40d8-b791-8939623238e2","createdAt":"2018-11-01T17:17:43.000Z","updatedAt":"2018-11-01T17:17:43.000Z","humanId":null,"name":"1","code":null,"email":null,"token":null,"avatar":"United States of America-01.png","password":"1","humanName":"American","language":"en-US"},{"id":2,"GUID":"ffc2bbb4-6a07-41c7-b8bd-a14779f3cc78","createdAt":"2018-11-01T17:21:40.000Z","updatedAt":"2018-11-01T17:21:40.000Z","humanId":null,"name":"2","code":null,"email":null,"token":null,"avatar":"Hungary-01.png","password":"2","humanName":"Hungarian","language":"hu-HU"}],"result":{"code":1,"message":"success!"}}
[2019-01-07T10:40:27.663] [TRACE] gate - load.insertUser.request:{"user":"1","password":"1"}
[2019-01-07T10:40:27.729] [TRACE] gate - load.insertUser.response:{"ac4yIdentification":{"GUID":"45b7c3cb-6bdc-4c0b-af3b-605d33f560bb","createdAt":1546854027717,"template":{"GUID":"e0ca15fb-bab8-47a1-ac3c-1a391a57d01a","createdAt":1546854027717,"humanId":"Ac4yServiceResponse"}},"result":{"code":1,"message":"success!"}}
[2019-01-07T10:40:27.731] [TRACE] gate - load.insertUser.request:{"user":"2","password":"2"}
[2019-01-07T10:40:27.741] [TRACE] gate - load.insertUser.response:{"ac4yIdentification":{"GUID":"c2b41c7e-0da3-42fd-a9b2-e21786e0bff4","createdAt":1546854027737,"template":{"GUID":"9385282b-a3a1-453c-b255-ef9e73d3e503","createdAt":1546854027738,"humanId":"Ac4yServiceResponse"}},"result":{"code":1,"message":"success!"}}
[2019-01-07T10:40:27.742] [TRACE] gate - load.end
[2019-01-07T10:43:20.194] [TRACE] gate - load.begin
[2019-01-07T10:43:20.374] [TRACE] gate - load.response:{"list":[{"id":1,"GUID":"4ade2b6a-967f-40d8-b791-8939623238e2","createdAt":"2018-11-01T17:17:43.000Z","updatedAt":"2018-11-01T17:17:43.000Z","humanId":null,"name":"1","code":null,"email":null,"token":null,"avatar":"United States of America-01.png","password":"1","humanName":"American","language":"en-US"},{"id":2,"GUID":"ffc2bbb4-6a07-41c7-b8bd-a14779f3cc78","createdAt":"2018-11-01T17:21:40.000Z","updatedAt":"2018-11-01T17:21:40.000Z","humanId":null,"name":"2","code":null,"email":null,"token":null,"avatar":"Hungary-01.png","password":"2","humanName":"Hungarian","language":"hu-HU"}],"result":{"code":1,"message":"success!"}}
[2019-01-07T10:43:20.377] [TRACE] gate - load.insertUser.request:{"user":"1","password":"1"}
[2019-01-07T10:43:20.434] [TRACE] gate - load.insertUser.response:{"ac4yIdentification":{"GUID":"f31a6492-f7b3-4721-b408-72f2db18d9b4","createdAt":1546854200423,"template":{"GUID":"f431a571-2b3c-4223-ae09-0b32fa61ff86","createdAt":1546854200423,"humanId":"Ac4yServiceResponse"}},"result":{"code":1,"message":"success!"}}
[2019-01-07T10:43:20.435] [TRACE] gate - load.insertUser.request:{"user":"2","password":"2"}
[2019-01-07T10:43:20.442] [TRACE] gate - load.insertUser.response:{"ac4yIdentification":{"GUID":"ab3bff0b-404e-4060-a3eb-b73e199b9768","createdAt":1546854200439,"template":{"GUID":"8de37861-b968-4feb-92f5-820db961dc88","createdAt":1546854200439,"humanId":"Ac4yServiceResponse"}},"result":{"code":1,"message":"success!"}}
[2019-01-07T10:43:20.443] [TRACE] gate - load.end
[2019-01-07T11:12:38.914] [TRACE] gate - load.begin
[2019-01-07T11:12:39.079] [TRACE] gate - load.response:{"list":[{"id":1,"GUID":"4ade2b6a-967f-40d8-b791-8939623238e2","createdAt":"2018-11-01T17:17:43.000Z","updatedAt":"2018-11-01T17:17:43.000Z","humanId":null,"name":"1","code":null,"email":null,"token":null,"avatar":"United States of America-01.png","password":"1","humanName":"American","language":"en-US"},{"id":2,"GUID":"ffc2bbb4-6a07-41c7-b8bd-a14779f3cc78","createdAt":"2018-11-01T17:21:40.000Z","updatedAt":"2018-11-01T17:21:40.000Z","humanId":null,"name":"2","code":null,"email":null,"token":null,"avatar":"Hungary-01.png","password":"2","humanName":"Hungarian","language":"hu-HU"}],"result":{"code":1,"message":"success!"}}
[2019-01-07T11:12:39.083] [TRACE] gate - load.insertUser.request:{"user":"1","password":"1"}
[2019-01-07T11:12:39.135] [TRACE] gate - load.insertUser.response:{"ac4yIdentification":{"GUID":"ac0ddc78-f178-4797-b9cb-a74e7b3e8cab","createdAt":1546855959127,"template":{"GUID":"de3d5016-2e8d-47d5-9ab0-047e72b79ff5","createdAt":1546855959127,"humanId":"Ac4yServiceResponse"}},"result":{"code":1,"message":"success!"}}
[2019-01-07T11:12:39.136] [TRACE] gate - load.insertUser.request:{"user":"2","password":"2"}
[2019-01-07T11:12:39.143] [TRACE] gate - load.insertUser.response:{"ac4yIdentification":{"GUID":"d2c99ae4-d1b0-4674-9048-019748c02a4e","createdAt":1546855959141,"template":{"GUID":"d35fb7cd-2dcc-4375-a191-f6136cc1b6e8","createdAt":1546855959141,"humanId":"Ac4yServiceResponse"}},"result":{"code":1,"message":"success!"}}
[2019-01-07T11:12:39.144] [TRACE] gate - load.end
[2019-01-07T11:13:57.804] [TRACE] gate - load.begin
[2019-01-07T11:13:57.996] [TRACE] gate - load.response:{"list":[{"id":1,"GUID":"4ade2b6a-967f-40d8-b791-8939623238e2","createdAt":"2018-11-01T17:17:43.000Z","updatedAt":"2018-11-01T17:17:43.000Z","humanId":null,"name":"1","code":null,"email":null,"token":null,"avatar":"United States of America-01.png","password":"1","humanName":"American","language":"en-US"},{"id":2,"GUID":"ffc2bbb4-6a07-41c7-b8bd-a14779f3cc78","createdAt":"2018-11-01T17:21:40.000Z","updatedAt":"2018-11-01T17:21:40.000Z","humanId":null,"name":"2","code":null,"email":null,"token":null,"avatar":"Hungary-01.png","password":"2","humanName":"Hungarian","language":"hu-HU"}],"result":{"code":1,"message":"success!"}}
[2019-01-07T11:13:58.003] [TRACE] gate - load.insertUser.request:{"user":"1","password":"1"}
[2019-01-07T11:13:58.026] [TRACE] gate - load.insertUser.response:{"ac4yIdentification":{"GUID":"15ee08d0-bab7-459c-83f3-5bdebe5c7ff2","createdAt":1546856038018,"template":{"GUID":"1280e29d-7744-4155-a787-063e74da3c77","createdAt":1546856038018,"humanId":"Ac4yServiceResponse"}},"result":{"code":1,"message":"success!"}}
[2019-01-07T11:13:58.028] [TRACE] gate - load.insertUser.request:{"user":"2","password":"2"}
[2019-01-07T11:13:58.035] [TRACE] gate - load.insertUser.response:{"ac4yIdentification":{"GUID":"d3c1fa17-3fc4-477b-9a71-7f088e48fe9d","createdAt":1546856038032,"template":{"GUID":"5e181963-1e61-46cf-afd8-73196398b2d6","createdAt":1546856038032,"humanId":"Ac4yServiceResponse"}},"result":{"code":1,"message":"success!"}}
[2019-01-07T11:13:58.036] [TRACE] gate - load.end
[2019-01-07T11:14:49.781] [TRACE] gate - load.begin
[2019-01-07T11:14:49.984] [TRACE] gate - load.response:{"list":[{"id":1,"GUID":"4ade2b6a-967f-40d8-b791-8939623238e2","createdAt":"2018-11-01T17:17:43.000Z","updatedAt":"2018-11-01T17:17:43.000Z","humanId":null,"name":"1","code":null,"email":null,"token":null,"avatar":"United States of America-01.png","password":"1","humanName":"American","language":"en-US"},{"id":2,"GUID":"ffc2bbb4-6a07-41c7-b8bd-a14779f3cc78","createdAt":"2018-11-01T17:21:40.000Z","updatedAt":"2018-11-01T17:21:40.000Z","humanId":null,"name":"2","code":null,"email":null,"token":null,"avatar":"Hungary-01.png","password":"2","humanName":"Hungarian","language":"hu-HU"}],"result":{"code":1,"message":"success!"}}
[2019-01-07T11:14:49.990] [TRACE] gate - load.insertUser.request:{"user":"1","password":"1"}
[2019-01-07T11:14:50.057] [TRACE] gate - load.insertUser.response:{"ac4yIdentification":{"GUID":"494d1422-e12b-43e0-b6fc-b619d4100738","createdAt":1546856090045,"template":{"GUID":"2d6406cb-475f-492a-8e9d-4712b83a6254","createdAt":1546856090045,"humanId":"Ac4yServiceResponse"}},"result":{"code":1,"message":"success!"}}
[2019-01-07T11:14:50.058] [TRACE] gate - load.insertUser.request:{"user":"2","password":"2"}
[2019-01-07T11:14:50.065] [TRACE] gate - load.insertUser.response:{"ac4yIdentification":{"GUID":"8f870571-73de-412a-8f73-ecfd6c62cec4","createdAt":1546856090063,"template":{"GUID":"326f690f-f11a-4b83-a82e-7071cd10c5e6","createdAt":1546856090063,"humanId":"Ac4yServiceResponse"}},"result":{"code":1,"message":"success!"}}
[2019-01-07T11:14:50.066] [TRACE] gate - load.end
[2019-01-07T11:17:11.572] [TRACE] gate - load.begin
[2019-01-07T11:17:11.845] [TRACE] gate - load.response:{"list":[{"id":1,"GUID":"4ade2b6a-967f-40d8-b791-8939623238e2","createdAt":"2018-11-01T17:17:43.000Z","updatedAt":"2018-11-01T17:17:43.000Z","humanId":null,"name":"1","code":null,"email":null,"token":null,"avatar":"United States of America-01.png","password":"1","humanName":"American","language":"en-US"},{"id":2,"GUID":"ffc2bbb4-6a07-41c7-b8bd-a14779f3cc78","createdAt":"2018-11-01T17:21:40.000Z","updatedAt":"2018-11-01T17:21:40.000Z","humanId":null,"name":"2","code":null,"email":null,"token":null,"avatar":"Hungary-01.png","password":"2","humanName":"Hungarian","language":"hu-HU"}],"result":{"code":1,"message":"success!"}}
[2019-01-07T11:17:11.851] [TRACE] gate - load.insertUser.request:{"user":"1","password":"1"}
[2019-01-07T11:17:11.959] [TRACE] gate - load.insertUser.response:{"ac4yIdentification":{"GUID":"250fd679-2aa8-4f73-9936-115d582775e6","createdAt":1546856231945,"template":{"GUID":"58397b00-0971-4742-82f5-f5d01b430a3b","createdAt":1546856231945,"humanId":"Ac4yServiceResponse"}},"result":{"code":1,"message":"success!"}}
[2019-01-07T11:17:11.961] [TRACE] gate - load.insertUser.request:{"user":"2","password":"2"}
[2019-01-07T11:17:12.048] [TRACE] gate - load.insertUser.response:{"ac4yIdentification":{"GUID":"d3811616-f5ed-4438-8893-6a8b7be9ad5c","createdAt":1546856232042,"template":{"GUID":"c34fd797-5307-4d74-b632-e8eb418ecf4d","createdAt":1546856232042,"humanId":"Ac4yServiceResponse"}},"result":{"code":1,"message":"success!"}}
[2019-01-07T11:17:12.049] [TRACE] gate - load.end
[2019-01-07T11:49:59.549] [TRACE] gate - load.begin
[2019-01-07T11:49:59.718] [TRACE] gate - load.response:{"list":[{"id":1,"GUID":"4ade2b6a-967f-40d8-b791-8939623238e2","createdAt":"2018-11-01T17:17:43.000Z","updatedAt":"2018-11-01T17:17:43.000Z","humanId":null,"name":"1","code":null,"email":null,"token":null,"avatar":"United States of America-01.png","password":"1","humanName":"American","language":"en-US"},{"id":2,"GUID":"ffc2bbb4-6a07-41c7-b8bd-a14779f3cc78","createdAt":"2018-11-01T17:21:40.000Z","updatedAt":"2018-11-01T17:21:40.000Z","humanId":null,"name":"2","code":null,"email":null,"token":null,"avatar":"Hungary-01.png","password":"2","humanName":"Hungarian","language":"hu-HU"}],"result":{"code":1,"message":"success!"}}
[2019-01-07T11:49:59.722] [TRACE] gate - load.insertUser.request:{"user":"1","password":"1"}
[2019-01-07T11:49:59.780] [TRACE] gate - load.insertUser.response:{"ac4yIdentification":{"GUID":"cfa1e09d-e664-4bee-b4a8-7def755d6ee8","createdAt":1546858199768,"template":{"GUID":"b6071c57-e78d-4078-9ff9-e10bce804aaa","createdAt":1546858199768,"humanId":"Ac4yServiceResponse"}},"result":{"code":1,"message":"success!"}}
[2019-01-07T11:49:59.781] [TRACE] gate - load.insertUser.request:{"user":"2","password":"2"}
[2019-01-07T11:49:59.790] [TRACE] gate - load.insertUser.response:{"ac4yIdentification":{"GUID":"3d18338f-75ad-462e-bd41-66b97ac12fe1","createdAt":1546858199786,"template":{"GUID":"03f33851-872b-4586-a16c-4dfb2c01d67a","createdAt":1546858199786,"humanId":"Ac4yServiceResponse"}},"result":{"code":1,"message":"success!"}}
[2019-01-07T11:49:59.791] [TRACE] gate - load.end
[2019-01-07T11:51:44.125] [TRACE] gate - load.begin
[2019-01-07T11:51:44.361] [TRACE] gate - load.response:{"list":[{"id":1,"GUID":"4ade2b6a-967f-40d8-b791-8939623238e2","createdAt":"2018-11-01T17:17:43.000Z","updatedAt":"2018-11-01T17:17:43.000Z","humanId":null,"name":"1","code":null,"email":null,"token":null,"avatar":"United States of America-01.png","password":"1","humanName":"American","language":"en-US"},{"id":2,"GUID":"ffc2bbb4-6a07-41c7-b8bd-a14779f3cc78","createdAt":"2018-11-01T17:21:40.000Z","updatedAt":"2018-11-01T17:21:40.000Z","humanId":null,"name":"2","code":null,"email":null,"token":null,"avatar":"Hungary-01.png","password":"2","humanName":"Hungarian","language":"hu-HU"}],"result":{"code":1,"message":"success!"}}
[2019-01-07T11:51:44.366] [TRACE] gate - load.insertUser.request:{"user":"1","password":"1"}
[2019-01-07T11:51:44.439] [TRACE] gate - load.insertUser.response:{"ac4yIdentification":{"GUID":"06187a67-f5c2-4f68-acaf-745adc1502a9","createdAt":1546858304427,"template":{"GUID":"d8a437bc-52f5-4c50-9812-79b6f58f79d0","createdAt":1546858304427,"humanId":"Ac4yServiceResponse"}},"result":{"code":1,"message":"success!"}}
[2019-01-07T11:51:44.441] [TRACE] gate - load.insertUser.request:{"user":"2","password":"2"}
[2019-01-07T11:51:44.452] [TRACE] gate - load.insertUser.response:{"ac4yIdentification":{"GUID":"76e1fb90-4f6b-4ada-bb6a-2a4b8c5a38ca","createdAt":1546858304448,"template":{"GUID":"463c5e07-4b70-446a-bf98-53d5863656a7","createdAt":1546858304448,"humanId":"Ac4yServiceResponse"}},"result":{"code":1,"message":"success!"}}
[2019-01-07T11:51:44.453] [TRACE] gate - load.end
[2019-01-07T11:52:55.207] [TRACE] gate - load.begin
[2019-01-07T11:52:55.387] [TRACE] gate - load.response:{"list":[{"id":1,"GUID":"4ade2b6a-967f-40d8-b791-8939623238e2","createdAt":"2018-11-01T17:17:43.000Z","updatedAt":"2018-11-01T17:17:43.000Z","humanId":null,"name":"1","code":null,"email":null,"token":null,"avatar":"United States of America-01.png","password":"1","humanName":"American","language":"en-US"},{"id":2,"GUID":"ffc2bbb4-6a07-41c7-b8bd-a14779f3cc78","createdAt":"2018-11-01T17:21:40.000Z","updatedAt":"2018-11-01T17:21:40.000Z","humanId":null,"name":"2","code":null,"email":null,"token":null,"avatar":"Hungary-01.png","password":"2","humanName":"Hungarian","language":"hu-HU"}],"result":{"code":1,"message":"success!"}}
[2019-01-07T11:52:55.392] [TRACE] gate - load.insertUser.request:{"user":"1","password":"1"}
[2019-01-07T11:52:55.456] [TRACE] gate - load.insertUser.response:{"ac4yIdentification":{"GUID":"72ffbe39-6a40-4266-a7ac-41fbc570cc6c","createdAt":1546858375444,"template":{"GUID":"42418396-ef33-40cb-8427-0cbba1a45e9f","createdAt":1546858375444,"humanId":"Ac4yServiceResponse"}},"result":{"code":1,"message":"success!"}}
[2019-01-07T11:52:55.457] [TRACE] gate - load.insertUser.request:{"user":"2","password":"2"}
[2019-01-07T11:52:55.464] [TRACE] gate - load.insertUser.response:{"ac4yIdentification":{"GUID":"84a83816-7c94-414f-8b52-116bdd8b4b7a","createdAt":1546858375462,"template":{"GUID":"74cb7407-d6b6-4326-b1a6-17496f1d066e","createdAt":1546858375462,"humanId":"Ac4yServiceResponse"}},"result":{"code":1,"message":"success!"}}
[2019-01-07T11:52:55.465] [TRACE] gate - load.end
[2019-01-07T11:55:26.421] [TRACE] gate - load.begin
[2019-01-07T11:55:26.618] [TRACE] gate - load.response:{"list":[{"id":1,"GUID":"4ade2b6a-967f-40d8-b791-8939623238e2","createdAt":"2018-11-01T17:17:43.000Z","updatedAt":"2018-11-01T17:17:43.000Z","humanId":null,"name":"1","code":null,"email":null,"token":null,"avatar":"United States of America-01.png","password":"1","humanName":"American","language":"en-US"},{"id":2,"GUID":"ffc2bbb4-6a07-41c7-b8bd-a14779f3cc78","createdAt":"2018-11-01T17:21:40.000Z","updatedAt":"2018-11-01T17:21:40.000Z","humanId":null,"name":"2","code":null,"email":null,"token":null,"avatar":"Hungary-01.png","password":"2","humanName":"Hungarian","language":"hu-HU"}],"result":{"code":1,"message":"success!"}}
[2019-01-07T11:55:26.624] [TRACE] gate - load.insertUser.request:{"user":"1","password":"1"}
[2019-01-07T11:55:26.693] [TRACE] gate - load.insertUser.response:{"ac4yIdentification":{"GUID":"2502de0e-34b3-470f-9bc6-a212fb5694b6","createdAt":1546858526680,"template":{"GUID":"55e47db9-b676-4355-95cd-c39f267e63d1","createdAt":1546858526680,"humanId":"Ac4yServiceResponse"}},"result":{"code":1,"message":"success!"}}
[2019-01-07T11:55:26.694] [TRACE] gate - load.insertUser.request:{"user":"2","password":"2"}
[2019-01-07T11:55:26.703] [TRACE] gate - load.insertUser.response:{"ac4yIdentification":{"GUID":"6237b995-09e8-45b1-8048-572b3d0cbbe7","createdAt":1546858526700,"template":{"GUID":"3ff6f3aa-a48b-48dc-97c9-01e6c1577e54","createdAt":1546858526700,"humanId":"Ac4yServiceResponse"}},"result":{"code":1,"message":"success!"}}
[2019-01-07T11:55:26.704] [TRACE] gate - load.end
[2019-01-07T11:56:49.893] [TRACE] gate - load.begin
[2019-01-07T11:56:50.037] [TRACE] gate - load.response:{"list":[{"id":1,"GUID":"4ade2b6a-967f-40d8-b791-8939623238e2","createdAt":"2018-11-01T17:17:43.000Z","updatedAt":"2018-11-01T17:17:43.000Z","humanId":null,"name":"1","code":null,"email":null,"token":null,"avatar":"United States of America-01.png","password":"1","humanName":"American","language":"en-US"},{"id":2,"GUID":"ffc2bbb4-6a07-41c7-b8bd-a14779f3cc78","createdAt":"2018-11-01T17:21:40.000Z","updatedAt":"2018-11-01T17:21:40.000Z","humanId":null,"name":"2","code":null,"email":null,"token":null,"avatar":"Hungary-01.png","password":"2","humanName":"Hungarian","language":"hu-HU"}],"result":{"code":1,"message":"success!"}}
[2019-01-07T11:56:50.043] [TRACE] gate - load.insertUser.request:{"user":"1","password":"1"}
[2019-01-07T11:56:50.095] [TRACE] gate - load.insertUser.response:{"ac4yIdentification":{"GUID":"7d08828e-dcae-4879-b21e-37da287248b1","createdAt":1546858610084,"template":{"GUID":"bfe759cf-dee6-47d6-ac19-31c2619e010e","createdAt":1546858610084,"humanId":"Ac4yServiceResponse"}},"result":{"code":1,"message":"success!"}}
[2019-01-07T11:56:50.096] [TRACE] gate - load.insertUser.request:{"user":"2","password":"2"}
[2019-01-07T11:56:50.102] [TRACE] gate - load.insertUser.response:{"ac4yIdentification":{"GUID":"ba2a2e88-7a7b-4ef6-8d11-fcaaeea32894","createdAt":1546858610099,"template":{"GUID":"b6d185a6-9583-40e9-9375-29fbdf1e0cc9","createdAt":1546858610099,"humanId":"Ac4yServiceResponse"}},"result":{"code":1,"message":"success!"}}
[2019-01-07T11:56:50.103] [TRACE] gate - load.end
[2019-01-07T12:01:03.341] [TRACE] gate - load.begin
[2019-01-07T12:01:03.482] [TRACE] gate - load.response:{"list":[{"id":1,"GUID":"4ade2b6a-967f-40d8-b791-8939623238e2","createdAt":"2018-11-01T17:17:43.000Z","updatedAt":"2018-11-01T17:17:43.000Z","humanId":null,"name":"1","code":null,"email":null,"token":null,"avatar":"United States of America-01.png","password":"1","humanName":"American","language":"en-US"},{"id":2,"GUID":"ffc2bbb4-6a07-41c7-b8bd-a14779f3cc78","createdAt":"2018-11-01T17:21:40.000Z","updatedAt":"2018-11-01T17:21:40.000Z","humanId":null,"name":"2","code":null,"email":null,"token":null,"avatar":"Hungary-01.png","password":"2","humanName":"Hungarian","language":"hu-HU"}],"result":{"code":1,"message":"success!"}}
[2019-01-07T12:01:03.486] [TRACE] gate - load.insertUser.request:{"user":"1","password":"1"}
[2019-01-07T12:01:03.537] [TRACE] gate - load.insertUser.response:{"ac4yIdentification":{"GUID":"111340ab-f0bc-43e0-947d-835f33dc55f4","createdAt":1546858863528,"template":{"GUID":"f7a7aab5-1589-4e39-8508-1532fcf72e2a","createdAt":1546858863528,"humanId":"Ac4yServiceResponse"}},"result":{"code":1,"message":"success!"}}
[2019-01-07T12:01:03.538] [TRACE] gate - load.insertUser.request:{"user":"2","password":"2"}
[2019-01-07T12:01:03.546] [TRACE] gate - load.insertUser.response:{"ac4yIdentification":{"GUID":"591c1085-8fb8-41e8-9810-91c1fcfa0336","createdAt":1546858863543,"template":{"GUID":"a127ec7d-f179-4700-8d22-c16181fc188d","createdAt":1546858863543,"humanId":"Ac4yServiceResponse"}},"result":{"code":1,"message":"success!"}}
[2019-01-07T12:01:03.546] [TRACE] gate - load.end
[2019-01-07T12:03:13.274] [TRACE] gate - load.begin
[2019-01-07T12:03:13.437] [TRACE] gate - load.response:{"list":[{"id":1,"GUID":"4ade2b6a-967f-40d8-b791-8939623238e2","createdAt":"2018-11-01T17:17:43.000Z","updatedAt":"2018-11-01T17:17:43.000Z","humanId":null,"name":"1","code":null,"email":null,"token":null,"avatar":"United States of America-01.png","password":"1","humanName":"American","language":"en-US"},{"id":2,"GUID":"ffc2bbb4-6a07-41c7-b8bd-a14779f3cc78","createdAt":"2018-11-01T17:21:40.000Z","updatedAt":"2018-11-01T17:21:40.000Z","humanId":null,"name":"2","code":null,"email":null,"token":null,"avatar":"Hungary-01.png","password":"2","humanName":"Hungarian","language":"hu-HU"}],"result":{"code":1,"message":"success!"}}
[2019-01-07T12:03:13.441] [TRACE] gate - load.insertUser.request:{"user":"1","password":"1"}
[2019-01-07T12:03:48.326] [TRACE] gate - load.insertUser.response:{"ac4yIdentification":{"GUID":"c7107e90-00c3-4782-ba62-7f5cf6196477","createdAt":1546859028313,"template":{"GUID":"91cdd7c9-7fe1-40fb-95f2-463ba92718a6","createdAt":1546859028313,"humanId":"Ac4yServiceResponse"}},"result":{"code":1,"message":"success!"}}
[2019-01-07T12:03:48.327] [TRACE] gate - load.insertUser.request:{"user":"2","password":"2"}
[2019-01-07T12:03:48.346] [TRACE] gate - load.insertUser.response:{"ac4yIdentification":{"GUID":"ba437897-4f93-4f1b-881f-d51ebe6651e2","createdAt":1546859028334,"template":{"GUID":"ba209038-d5ce-4af9-9955-caa54391a7a8","createdAt":1546859028335,"humanId":"Ac4yServiceResponse"}},"result":{"code":1,"message":"success!"}}
[2019-01-07T12:03:48.347] [TRACE] gate - load.end
[2019-01-07T12:03:58.828] [TRACE] gate - load.begin
[2019-01-07T12:03:58.973] [TRACE] gate - load.response:{"list":[{"id":1,"GUID":"4ade2b6a-967f-40d8-b791-8939623238e2","createdAt":"2018-11-01T17:17:43.000Z","updatedAt":"2018-11-01T17:17:43.000Z","humanId":null,"name":"1","code":null,"email":null,"token":null,"avatar":"United States of America-01.png","password":"1","humanName":"American","language":"en-US"},{"id":2,"GUID":"ffc2bbb4-6a07-41c7-b8bd-a14779f3cc78","createdAt":"2018-11-01T17:21:40.000Z","updatedAt":"2018-11-01T17:21:40.000Z","humanId":null,"name":"2","code":null,"email":null,"token":null,"avatar":"Hungary-01.png","password":"2","humanName":"Hungarian","language":"hu-HU"}],"result":{"code":1,"message":"success!"}}
[2019-01-07T12:03:58.977] [TRACE] gate - load.insertUser.request:{"user":"1","password":"1"}
[2019-01-07T12:03:58.996] [TRACE] gate - load.insertUser.response:{"ac4yIdentification":{"GUID":"7f030ea1-6068-4e86-b165-b57e0d93ec52","createdAt":1546859038989,"template":{"GUID":"3b2a87bf-0991-4c9a-acdb-a46ca94c1dc5","createdAt":1546859038989,"humanId":"Ac4yServiceResponse"}},"result":{"code":1,"message":"success!"}}
[2019-01-07T12:03:58.997] [TRACE] gate - load.insertUser.request:{"user":"2","password":"2"}
[2019-01-07T12:03:59.003] [TRACE] gate - load.insertUser.response:{"ac4yIdentification":{"GUID":"5ca63bd7-d058-4307-a9cb-394ae215369f","createdAt":1546859039001,"template":{"GUID":"db2977a0-8fdd-409f-b15d-2019ba5189f1","createdAt":1546859039001,"humanId":"Ac4yServiceResponse"}},"result":{"code":1,"message":"success!"}}
[2019-01-07T12:03:59.004] [TRACE] gate - load.end
[2019-01-07T12:08:06.139] [TRACE] gate - load.begin
[2019-01-07T12:08:06.341] [TRACE] gate - load.response:{"list":[{"id":1,"GUID":"4ade2b6a-967f-40d8-b791-8939623238e2","createdAt":"2018-11-01T17:17:43.000Z","updatedAt":"2018-11-01T17:17:43.000Z","humanId":null,"name":"1","code":null,"email":null,"token":null,"avatar":"United States of America-01.png","password":"1","humanName":"American","language":"en-US"},{"id":2,"GUID":"ffc2bbb4-6a07-41c7-b8bd-a14779f3cc78","createdAt":"2018-11-01T17:21:40.000Z","updatedAt":"2018-11-01T17:21:40.000Z","humanId":null,"name":"2","code":null,"email":null,"token":null,"avatar":"Hungary-01.png","password":"2","humanName":"Hungarian","language":"hu-HU"}],"result":{"code":1,"message":"success!"}}
[2019-01-07T12:08:06.347] [TRACE] gate - load.insertUser.request:{"user":"1","password":"1"}
[2019-01-07T12:08:08.117] [TRACE] gate - load.insertUser.response:{"ac4yIdentification":{"GUID":"630a05dc-bd9b-42e6-a176-b28e6225440e","createdAt":1546859288105,"template":{"GUID":"f10cf464-f0e4-409a-a279-396c6f47948a","createdAt":1546859288105,"humanId":"Ac4yServiceResponse"}},"result":{"code":1,"message":"success!"}}
[2019-01-07T12:08:08.119] [TRACE] gate - load.insertUser.request:{"user":"2","password":"2"}
[2019-01-07T12:08:08.128] [TRACE] gate - load.insertUser.response:{"ac4yIdentification":{"GUID":"1ca454f1-ca67-4386-b97c-d64876d7a3f8","createdAt":1546859288123,"template":{"GUID":"0aacfe89-4399-4653-9af6-60431de5704e","createdAt":1546859288123,"humanId":"Ac4yServiceResponse"}},"result":{"code":1,"message":"success!"}}
[2019-01-07T12:08:08.129] [TRACE] gate - load.end
[2019-01-07T12:08:16.132] [TRACE] gate - load.begin
[2019-01-07T12:08:16.413] [TRACE] gate - load.response:{"list":[{"id":1,"GUID":"4ade2b6a-967f-40d8-b791-8939623238e2","createdAt":"2018-11-01T17:17:43.000Z","updatedAt":"2018-11-01T17:17:43.000Z","humanId":null,"name":"1","code":null,"email":null,"token":null,"avatar":"United States of America-01.png","password":"1","humanName":"American","language":"en-US"},{"id":2,"GUID":"ffc2bbb4-6a07-41c7-b8bd-a14779f3cc78","createdAt":"2018-11-01T17:21:40.000Z","updatedAt":"2018-11-01T17:21:40.000Z","humanId":null,"name":"2","code":null,"email":null,"token":null,"avatar":"Hungary-01.png","password":"2","humanName":"Hungarian","language":"hu-HU"}],"result":{"code":1,"message":"success!"}}
[2019-01-07T12:08:16.420] [TRACE] gate - load.insertUser.request:{"user":"1","password":"1"}
[2019-01-07T12:08:16.456] [TRACE] gate - load.insertUser.response:{"ac4yIdentification":{"GUID":"fb7804b8-ed6e-4d21-9f53-619e5e77b106","createdAt":1546859296445,"template":{"GUID":"44ae88b8-306e-4c82-b8e8-adcebdb252c5","createdAt":1546859296445,"humanId":"Ac4yServiceResponse"}},"result":{"code":1,"message":"success!"}}
[2019-01-07T12:08:16.458] [TRACE] gate - load.insertUser.request:{"user":"2","password":"2"}
[2019-01-07T12:08:16.470] [TRACE] gate - load.insertUser.response:{"ac4yIdentification":{"GUID":"f66ef731-6448-496e-b9d0-ead9b9c82e8d","createdAt":1546859296467,"template":{"GUID":"1c2228ff-eb50-437c-b4b9-0da214d2ed1c","createdAt":1546859296467,"humanId":"Ac4yServiceResponse"}},"result":{"code":1,"message":"success!"}}
[2019-01-07T12:08:16.471] [TRACE] gate - load.end
[2019-01-07T12:10:16.622] [TRACE] gate - load.begin
[2019-01-07T12:10:16.832] [TRACE] gate - load.response:{"list":[{"id":1,"GUID":"4ade2b6a-967f-40d8-b791-8939623238e2","createdAt":"2018-11-01T17:17:43.000Z","updatedAt":"2018-11-01T17:17:43.000Z","humanId":null,"name":"1","code":null,"email":null,"token":null,"avatar":"United States of America-01.png","password":"1","humanName":"American","language":"en-US"},{"id":2,"GUID":"ffc2bbb4-6a07-41c7-b8bd-a14779f3cc78","createdAt":"2018-11-01T17:21:40.000Z","updatedAt":"2018-11-01T17:21:40.000Z","humanId":null,"name":"2","code":null,"email":null,"token":null,"avatar":"Hungary-01.png","password":"2","humanName":"Hungarian","language":"hu-HU"}],"result":{"code":1,"message":"success!"}}
[2019-01-07T12:10:16.837] [TRACE] gate - load.insertUser.request:{"user":"1","password":"1"}
[2019-01-07T12:10:16.899] [TRACE] gate - load.insertUser.response:{"ac4yIdentification":{"GUID":"581def7d-3a43-4bf7-8359-4af4b6847d25","createdAt":1546859416888,"template":{"GUID":"598229e0-cd13-4efc-b79b-fc324e963f0c","createdAt":1546859416888,"humanId":"Ac4yServiceResponse"}},"result":{"code":1,"message":"success!"}}
[2019-01-07T12:10:16.901] [TRACE] gate - load.insertUser.request:{"user":"2","password":"2"}
[2019-01-07T12:10:16.910] [TRACE] gate - load.insertUser.response:{"ac4yIdentification":{"GUID":"7b7c1965-51d0-4552-99b2-f1ad84277866","createdAt":1546859416907,"template":{"GUID":"05c6a60a-40c1-472f-9a95-0ceb605ccc27","createdAt":1546859416907,"humanId":"Ac4yServiceResponse"}},"result":{"code":1,"message":"success!"}}
[2019-01-07T12:10:16.911] [TRACE] gate - load.end
[2019-01-07T12:15:47.029] [TRACE] gate - load.begin
[2019-01-07T12:15:47.179] [TRACE] gate - load.response:{"list":[{"id":1,"GUID":"4ade2b6a-967f-40d8-b791-8939623238e2","createdAt":"2018-11-01T17:17:43.000Z","updatedAt":"2018-11-01T17:17:43.000Z","humanId":null,"name":"1","code":null,"email":null,"token":null,"avatar":"United States of America-01.png","password":"1","humanName":"American","language":"en-US"},{"id":2,"GUID":"ffc2bbb4-6a07-41c7-b8bd-a14779f3cc78","createdAt":"2018-11-01T17:21:40.000Z","updatedAt":"2018-11-01T17:21:40.000Z","humanId":null,"name":"2","code":null,"email":null,"token":null,"avatar":"Hungary-01.png","password":"2","humanName":"Hungarian","language":"hu-HU"}],"result":{"code":1,"message":"success!"}}
[2019-01-07T12:15:47.184] [TRACE] gate - load.insertUser.request:{"user":"1","password":"1"}
[2019-01-07T12:15:47.236] [TRACE] gate - load.insertUser.response:{"ac4yIdentification":{"GUID":"66993932-ba5c-4970-9afa-80ab32a38e0d","createdAt":1546859747227,"template":{"GUID":"af5afbbd-0f3c-46bb-811b-6158b47e260b","createdAt":1546859747227,"humanId":"Ac4yServiceResponse"}},"result":{"code":1,"message":"success!"}}
[2019-01-07T12:15:47.237] [TRACE] gate - load.insertUser.request:{"user":"2","password":"2"}
[2019-01-07T12:15:47.245] [TRACE] gate - load.insertUser.response:{"ac4yIdentification":{"GUID":"8be5ff48-2ff9-4c2d-a1ce-2ca407c014c3","createdAt":1546859747242,"template":{"GUID":"6f3479b7-d97c-4e69-a346-8d62ed743e2b","createdAt":1546859747243,"humanId":"Ac4yServiceResponse"}},"result":{"code":1,"message":"success!"}}
[2019-01-07T12:15:47.246] [TRACE] gate - load.end
[2019-01-07T12:17:54.511] [TRACE] gate - load.begin
[2019-01-07T12:17:54.689] [TRACE] gate - load.response:{"list":[{"id":1,"GUID":"4ade2b6a-967f-40d8-b791-8939623238e2","createdAt":"2018-11-01T17:17:43.000Z","updatedAt":"2018-11-01T17:17:43.000Z","humanId":null,"name":"1","code":null,"email":null,"token":null,"avatar":"United States of America-01.png","password":"1","humanName":"American","language":"en-US"},{"id":2,"GUID":"ffc2bbb4-6a07-41c7-b8bd-a14779f3cc78","createdAt":"2018-11-01T17:21:40.000Z","updatedAt":"2018-11-01T17:21:40.000Z","humanId":null,"name":"2","code":null,"email":null,"token":null,"avatar":"Hungary-01.png","password":"2","humanName":"Hungarian","language":"hu-HU"}],"result":{"code":1,"message":"success!"}}
[2019-01-07T12:17:54.694] [TRACE] gate - load.insertUser.request:{"user":"1","password":"1"}
[2019-01-07T12:17:54.761] [TRACE] gate - load.insertUser.response:{"ac4yIdentification":{"GUID":"aa376918-94ba-4d84-8e26-8d8bf682b397","createdAt":1546859874748,"template":{"GUID":"c9da3975-5a0f-4e38-bed7-ccd8054cc578","createdAt":1546859874748,"humanId":"Ac4yServiceResponse"}},"result":{"code":1,"message":"success!"}}
[2019-01-07T12:17:54.763] [TRACE] gate - load.insertUser.request:{"user":"2","password":"2"}
[2019-01-07T12:17:54.771] [TRACE] gate - load.insertUser.response:{"ac4yIdentification":{"GUID":"0d09f4e9-6166-4ef4-980a-4888769f7823","createdAt":1546859874768,"template":{"GUID":"f993d3b2-bc19-42df-99bc-fd844c81daa5","createdAt":1546859874769,"humanId":"Ac4yServiceResponse"}},"result":{"code":1,"message":"success!"}}
[2019-01-07T12:17:54.772] [TRACE] gate - load.end
[2019-01-07T12:20:12.489] [TRACE] gate - load.begin
[2019-01-07T12:20:12.718] [TRACE] gate - load.response:{"list":[{"id":1,"GUID":"4ade2b6a-967f-40d8-b791-8939623238e2","createdAt":"2018-11-01T17:17:43.000Z","updatedAt":"2018-11-01T17:17:43.000Z","humanId":null,"name":"1","code":null,"email":null,"token":null,"avatar":"United States of America-01.png","password":"1","humanName":"American","language":"en-US"},{"id":2,"GUID":"ffc2bbb4-6a07-41c7-b8bd-a14779f3cc78","createdAt":"2018-11-01T17:21:40.000Z","updatedAt":"2018-11-01T17:21:40.000Z","humanId":null,"name":"2","code":null,"email":null,"token":null,"avatar":"Hungary-01.png","password":"2","humanName":"Hungarian","language":"hu-HU"}],"result":{"code":1,"message":"success!"}}
[2019-01-07T12:20:12.724] [TRACE] gate - load.insertUser.request:{"user":"1","password":"1"}
[2019-01-07T12:20:12.812] [TRACE] gate - load.insertUser.response:{"ac4yIdentification":{"GUID":"1e06403f-ea8a-4797-81dd-63e60150e6a7","createdAt":1546860012794,"template":{"GUID":"0e6e35a3-a38a-4edc-bcf4-1d9ae20352de","createdAt":1546860012794,"humanId":"Ac4yServiceResponse"}},"result":{"code":1,"message":"success!"}}
[2019-01-07T12:20:12.814] [TRACE] gate - load.insertUser.request:{"user":"2","password":"2"}
[2019-01-07T12:20:12.823] [TRACE] gate - load.insertUser.response:{"ac4yIdentification":{"GUID":"5b478cb4-bc95-42e7-8bb7-0c131ec0208a","createdAt":1546860012818,"template":{"GUID":"c2595ea4-438e-4eaa-8b76-c02765f697e9","createdAt":1546860012818,"humanId":"Ac4yServiceResponse"}},"result":{"code":1,"message":"success!"}}
[2019-01-07T12:20:12.824] [TRACE] gate - load.end
[2019-01-07T12:24:41.410] [TRACE] gate - load.begin
[2019-01-07T12:24:41.595] [TRACE] gate - load.response:{"list":[{"id":1,"GUID":"4ade2b6a-967f-40d8-b791-8939623238e2","createdAt":"2018-11-01T17:17:43.000Z","updatedAt":"2018-11-01T17:17:43.000Z","humanId":null,"name":"1","code":null,"email":null,"token":null,"avatar":"United States of America-01.png","password":"1","humanName":"American","language":"en-US"},{"id":2,"GUID":"ffc2bbb4-6a07-41c7-b8bd-a14779f3cc78","createdAt":"2018-11-01T17:21:40.000Z","updatedAt":"2018-11-01T17:21:40.000Z","humanId":null,"name":"2","code":null,"email":null,"token":null,"avatar":"Hungary-01.png","password":"2","humanName":"Hungarian","language":"hu-HU"}],"result":{"code":1,"message":"success!"}}
[2019-01-07T12:24:41.601] [TRACE] gate - load.insertUser.request:{"user":"1","password":"1"}
[2019-01-07T12:24:41.675] [TRACE] gate - load.insertUser.response:{"ac4yIdentification":{"GUID":"5117ce87-0773-423a-ac07-b7c3f5f3b939","createdAt":1546860281660,"template":{"GUID":"77046858-4811-4edd-98e4-da50fb1d7a59","createdAt":1546860281660,"humanId":"Ac4yServiceResponse"}},"result":{"code":1,"message":"success!"}}
[2019-01-07T12:24:41.677] [TRACE] gate - load.insertUser.request:{"user":"2","password":"2"}
[2019-01-07T12:24:41.687] [TRACE] gate - load.insertUser.response:{"ac4yIdentification":{"GUID":"86aaf7c9-4805-44fd-8733-ad8b401bdc4e","createdAt":1546860281684,"template":{"GUID":"bba06aeb-eb5e-4ef7-ac9e-8b415bd53e52","createdAt":1546860281684,"humanId":"Ac4yServiceResponse"}},"result":{"code":1,"message":"success!"}}
[2019-01-07T12:24:41.688] [TRACE] gate - load.end
[2019-01-07T12:32:18.652] [TRACE] gate - load.begin
[2019-01-07T12:32:18.817] [TRACE] gate - load.response:{"list":[{"id":1,"GUID":"4ade2b6a-967f-40d8-b791-8939623238e2","createdAt":"2018-11-01T17:17:43.000Z","updatedAt":"2018-11-01T17:17:43.000Z","humanId":null,"name":"1","code":null,"email":null,"token":null,"avatar":"United States of America-01.png","password":"1","humanName":"American","language":"en-US"},{"id":2,"GUID":"ffc2bbb4-6a07-41c7-b8bd-a14779f3cc78","createdAt":"2018-11-01T17:21:40.000Z","updatedAt":"2018-11-01T17:21:40.000Z","humanId":null,"name":"2","code":null,"email":null,"token":null,"avatar":"Hungary-01.png","password":"2","humanName":"Hungarian","language":"hu-HU"}],"result":{"code":1,"message":"success!"}}
[2019-01-07T12:32:18.821] [TRACE] gate - load.insertUser.request:{"user":"1","password":"1"}
[2019-01-07T12:32:48.019] [TRACE] gate - getAllTranslateUsers.request:undefined
[2019-01-07T12:32:48.027] [TRACE] gate - getAllTranslateUsers.response:{"list":[{"id":1,"GUID":"4ade2b6a-967f-40d8-b791-8939623238e2","createdAt":"2018-11-01T17:17:43.000Z","updatedAt":"2018-11-01T17:17:43.000Z","humanId":null,"name":"1","code":null,"email":null,"token":null,"avatar":"United States of America-01.png","password":"1","humanName":"American","language":"en-US"},{"id":2,"GUID":"ffc2bbb4-6a07-41c7-b8bd-a14779f3cc78","createdAt":"2018-11-01T17:21:40.000Z","updatedAt":"2018-11-01T17:21:40.000Z","humanId":null,"name":"2","code":null,"email":null,"token":null,"avatar":"Hungary-01.png","password":"2","humanName":"Hungarian","language":"hu-HU"}],"result":{"code":1,"message":"success!"}}
[2019-01-07T12:32:49.278] [TRACE] gate - getAllTranslateUsers.request:undefined
[2019-01-07T12:32:49.284] [TRACE] gate - getAllTranslateUsers.response:{"list":[{"id":1,"GUID":"4ade2b6a-967f-40d8-b791-8939623238e2","createdAt":"2018-11-01T17:17:43.000Z","updatedAt":"2018-11-01T17:17:43.000Z","humanId":null,"name":"1","code":null,"email":null,"token":null,"avatar":"United States of America-01.png","password":"1","humanName":"American","language":"en-US"},{"id":2,"GUID":"ffc2bbb4-6a07-41c7-b8bd-a14779f3cc78","createdAt":"2018-11-01T17:21:40.000Z","updatedAt":"2018-11-01T17:21:40.000Z","humanId":null,"name":"2","code":null,"email":null,"token":null,"avatar":"Hungary-01.png","password":"2","humanName":"Hungarian","language":"hu-HU"}],"result":{"code":1,"message":"success!"}}
[2019-01-07T12:33:14.870] [TRACE] gate - getAllTranslateUsers.request:undefined
[2019-01-07T12:33:14.876] [TRACE] gate - getAllTranslateUsers.response:{"list":[{"id":1,"GUID":"4ade2b6a-967f-40d8-b791-8939623238e2","createdAt":"2018-11-01T17:17:43.000Z","updatedAt":"2018-11-01T17:17:43.000Z","humanId":null,"name":"1","code":null,"email":null,"token":null,"avatar":"United States of America-01.png","password":"1","humanName":"American","language":"en-US"},{"id":2,"GUID":"ffc2bbb4-6a07-41c7-b8bd-a14779f3cc78","createdAt":"2018-11-01T17:21:40.000Z","updatedAt":"2018-11-01T17:21:40.000Z","humanId":null,"name":"2","code":null,"email":null,"token":null,"avatar":"Hungary-01.png","password":"2","humanName":"Hungarian","language":"hu-HU"}],"result":{"code":1,"message":"success!"}}
[2019-01-07T12:33:22.819] [TRACE] gate - load.insertUser.response:{"ac4yIdentification":{"GUID":"a904dd0f-6a08-4156-aabf-945b3b82e6f1","createdAt":1546860802805,"template":{"GUID":"44207113-59c3-4e4f-9abd-8f0524bf749b","createdAt":1546860802805,"humanId":"Ac4yServiceResponse"}},"result":{"code":1,"message":"success!"}}
[2019-01-07T12:33:22.821] [TRACE] gate - load.insertUser.request:{"user":"2","password":"2"}
[2019-01-07T12:33:22.867] [TRACE] gate - load.insertUser.response:{"ac4yIdentification":{"GUID":"307fc456-77bd-4383-b9bf-4fdb30d6c108","createdAt":1546860802864,"template":{"GUID":"3d7749f2-2796-4b6e-9627-85b14cdde818","createdAt":1546860802864,"humanId":"Ac4yServiceResponse"}},"result":{"code":1,"message":"success!"}}
[2019-01-07T12:33:22.868] [TRACE] gate - load.end
[2019-01-07T12:33:35.471] [TRACE] gate - load.begin
[2019-01-07T12:33:35.641] [TRACE] gate - load.response:{"list":[{"id":1,"GUID":"4ade2b6a-967f-40d8-b791-8939623238e2","createdAt":"2018-11-01T17:17:43.000Z","updatedAt":"2018-11-01T17:17:43.000Z","humanId":null,"name":"1","code":null,"email":null,"token":null,"avatar":"United States of America-01.png","password":"1","humanName":"American","language":"en-US"},{"id":2,"GUID":"ffc2bbb4-6a07-41c7-b8bd-a14779f3cc78","createdAt":"2018-11-01T17:21:40.000Z","updatedAt":"2018-11-01T17:21:40.000Z","humanId":null,"name":"2","code":null,"email":null,"token":null,"avatar":"Hungary-01.png","password":"2","humanName":"Hungarian","language":"hu-HU"}],"result":{"code":1,"message":"success!"}}
[2019-01-07T12:33:35.648] [TRACE] gate - load.insertUser.request:{"user":"1","password":"1"}
[2019-01-07T12:33:35.671] [TRACE] gate - load.insertUser.response:{"ac4yIdentification":{"GUID":"781d2bbd-417a-40e9-998e-a52b5154f602","createdAt":1546860815665,"template":{"GUID":"9b58b8b3-04a5-4548-adfa-6d7075ca2dba","createdAt":1546860815666,"humanId":"Ac4yServiceResponse"}},"result":{"code":1,"message":"success!"}}
[2019-01-07T12:33:35.672] [TRACE] gate - load.insertUser.request:{"user":"2","password":"2"}
[2019-01-07T12:33:35.679] [TRACE] gate - load.insertUser.response:{"ac4yIdentification":{"GUID":"c1d0d184-8447-40cc-a904-d35e4b16c835","createdAt":1546860815678,"template":{"GUID":"49d33513-18b9-4d20-8814-6dac0d7892a0","createdAt":1546860815678,"humanId":"Ac4yServiceResponse"}},"result":{"code":1,"message":"success!"}}
[2019-01-07T12:33:35.680] [TRACE] gate - load.end
[2019-01-07T12:34:22.262] [TRACE] gate - load.begin
[2019-01-07T12:34:22.486] [TRACE] gate - load.response:{"list":[{"id":1,"GUID":"4ade2b6a-967f-40d8-b791-8939623238e2","createdAt":"2018-11-01T17:17:43.000Z","updatedAt":"2018-11-01T17:17:43.000Z","humanId":null,"name":"1","code":null,"email":null,"token":null,"avatar":"United States of America-01.png","password":"1","humanName":"American","language":"en-US"},{"id":2,"GUID":"ffc2bbb4-6a07-41c7-b8bd-a14779f3cc78","createdAt":"2018-11-01T17:21:40.000Z","updatedAt":"2018-11-01T17:21:40.000Z","humanId":null,"name":"2","code":null,"email":null,"token":null,"avatar":"Hungary-01.png","password":"2","humanName":"Hungarian","language":"hu-HU"}],"result":{"code":1,"message":"success!"}}
[2019-01-07T12:34:22.492] [TRACE] gate - load.insertUser.request:{"user":"1","password":"1"}
[2019-01-07T12:34:22.569] [TRACE] gate - load.insertUser.response:{"ac4yIdentification":{"GUID":"f1df37f7-d5d6-48f0-884e-eb8af666a122","createdAt":1546860862554,"template":{"GUID":"a82304c6-9c39-4f39-bdff-56762b84eed0","createdAt":1546860862554,"humanId":"Ac4yServiceResponse"}},"result":{"code":1,"message":"success!"}}
[2019-01-07T12:34:22.570] [TRACE] gate - load.insertUser.request:{"user":"2","password":"2"}
[2019-01-07T12:34:22.578] [TRACE] gate - load.insertUser.response:{"ac4yIdentification":{"GUID":"4197d0a1-d722-4d7a-b4f2-3c8613d0a43b","createdAt":1546860862575,"template":{"GUID":"d9324c36-4176-4926-841c-6ca4e79f5d33","createdAt":1546860862575,"humanId":"Ac4yServiceResponse"}},"result":{"code":1,"message":"success!"}}
[2019-01-07T12:34:22.579] [TRACE] gate - load.end
[2019-01-07T12:38:17.330] [TRACE] gate - load.begin
[2019-01-07T12:38:17.489] [TRACE] gate - load.response:{"list":[{"id":1,"GUID":"4ade2b6a-967f-40d8-b791-8939623238e2","createdAt":"2018-11-01T17:17:43.000Z","updatedAt":"2018-11-01T17:17:43.000Z","humanId":null,"name":"1","code":null,"email":null,"token":null,"avatar":"United States of America-01.png","password":"1","humanName":"American","language":"en-US"},{"id":2,"GUID":"ffc2bbb4-6a07-41c7-b8bd-a14779f3cc78","createdAt":"2018-11-01T17:21:40.000Z","updatedAt":"2018-11-01T17:21:40.000Z","humanId":null,"name":"2","code":null,"email":null,"token":null,"avatar":"Hungary-01.png","password":"2","humanName":"Hungarian","language":"hu-HU"}],"result":{"code":1,"message":"success!"}}
[2019-01-07T12:38:17.493] [TRACE] gate - load.insertUser.request:{"user":"1","password":"1"}
[2019-01-07T12:38:17.547] [TRACE] gate - load.insertUser.response:{"ac4yIdentification":{"GUID":"e77cfc50-4551-4ad9-becf-4f376e6e1034","createdAt":1546861097537,"template":{"GUID":"49bea747-09c8-49f2-9632-d9971928c305","createdAt":1546861097537,"humanId":"Ac4yServiceResponse"}},"result":{"code":1,"message":"success!"}}
[2019-01-07T12:38:17.548] [TRACE] gate - load.insertUser.request:{"user":"2","password":"2"}
[2019-01-07T12:38:17.556] [TRACE] gate - load.insertUser.response:{"ac4yIdentification":{"GUID":"a0422054-e86f-410f-8d4b-80c81c2e3991","createdAt":1546861097554,"template":{"GUID":"0f4373de-f9af-4fe2-bf7c-53dc96abcf5e","createdAt":1546861097554,"humanId":"Ac4yServiceResponse"}},"result":{"code":1,"message":"success!"}}
[2019-01-07T12:38:17.557] [TRACE] gate - load.end
[2019-01-07T12:57:43.028] [TRACE] gate - load.begin
[2019-01-07T12:57:43.238] [TRACE] gate - load.response:{"list":[{"id":1,"GUID":"4ade2b6a-967f-40d8-b791-8939623238e2","createdAt":"2018-11-01T17:17:43.000Z","updatedAt":"2018-11-01T17:17:43.000Z","humanId":null,"name":"1","code":null,"email":null,"token":null,"avatar":"United States of America-01.png","password":"1","humanName":"American","language":"en-US"},{"id":2,"GUID":"ffc2bbb4-6a07-41c7-b8bd-a14779f3cc78","createdAt":"2018-11-01T17:21:40.000Z","updatedAt":"2018-11-01T17:21:40.000Z","humanId":null,"name":"2","code":null,"email":null,"token":null,"avatar":"Hungary-01.png","password":"2","humanName":"Hungarian","language":"hu-HU"}],"result":{"code":1,"message":"success!"}}
[2019-01-07T12:57:43.242] [TRACE] gate - load.insertUser.request:{"user":"1","password":"1"}
[2019-01-07T12:57:43.307] [TRACE] gate - load.insertUser.response:{"ac4yIdentification":{"GUID":"6fc6a41c-9b95-4d1e-976e-0a05403afe62","createdAt":1546862263298,"template":{"GUID":"b276a804-a07f-4439-9d73-b0a4d2c77a61","createdAt":1546862263298,"humanId":"Ac4yServiceResponse"}},"result":{"code":1,"message":"success!"}}
[2019-01-07T12:57:43.308] [TRACE] gate - load.insertUser.request:{"user":"2","password":"2"}
[2019-01-07T12:57:43.315] [TRACE] gate - load.insertUser.response:{"ac4yIdentification":{"GUID":"5efdeba4-9c4d-4e4e-82c0-7ab5573a2e36","createdAt":1546862263312,"template":{"GUID":"4a1658b4-565d-43ac-a6cc-144f5c7b6c62","createdAt":1546862263312,"humanId":"Ac4yServiceResponse"}},"result":{"code":1,"message":"success!"}}
[2019-01-07T12:57:43.316] [TRACE] gate - load.end
[2019-01-07T13:03:22.941] [TRACE] gate - load.begin
[2019-01-07T13:03:23.120] [TRACE] gate - load.response:{"list":[{"id":1,"GUID":"4ade2b6a-967f-40d8-b791-8939623238e2","createdAt":"2018-11-01T17:17:43.000Z","updatedAt":"2018-11-01T17:17:43.000Z","humanId":null,"name":"1","code":null,"email":null,"token":null,"avatar":"United States of America-01.png","password":"1","humanName":"American","language":"en-US"},{"id":2,"GUID":"ffc2bbb4-6a07-41c7-b8bd-a14779f3cc78","createdAt":"2018-11-01T17:21:40.000Z","updatedAt":"2018-11-01T17:21:40.000Z","humanId":null,"name":"2","code":null,"email":null,"token":null,"avatar":"Hungary-01.png","password":"2","humanName":"Hungarian","language":"hu-HU"}],"result":{"code":1,"message":"success!"}}
[2019-01-07T13:03:23.125] [TRACE] gate - load.insertUser.request:{"user":"1","password":"1"}
[2019-01-07T13:03:23.181] [TRACE] gate - load.insertUser.response:{"ac4yIdentification":{"GUID":"359900e6-c3e5-4e2e-80f7-35e9e14afeb9","createdAt":1546862603170,"template":{"GUID":"fc2743f2-b639-4da6-bfe3-b4632a866bd6","createdAt":1546862603170,"humanId":"Ac4yServiceResponse"}},"result":{"code":1,"message":"success!"}}
[2019-01-07T13:03:23.182] [TRACE] gate - load.insertUser.request:{"user":"2","password":"2"}
[2019-01-07T13:03:23.190] [TRACE] gate - load.insertUser.response:{"ac4yIdentification":{"GUID":"2127d0bc-e1bc-4387-a4a4-f4b2710e21af","createdAt":1546862603186,"template":{"GUID":"3f1776f1-77e4-4c2f-ad66-7ff53ac9c604","createdAt":1546862603186,"humanId":"Ac4yServiceResponse"}},"result":{"code":1,"message":"success!"}}
[2019-01-07T13:03:23.191] [TRACE] gate - load.end
[2019-01-07T13:10:24.013] [TRACE] gate - load.begin
[2019-01-07T13:10:24.204] [TRACE] gate - load.response:{"list":[{"id":1,"GUID":"4ade2b6a-967f-40d8-b791-8939623238e2","createdAt":"2018-11-01T17:17:43.000Z","updatedAt":"2018-11-01T17:17:43.000Z","humanId":null,"name":"1","code":null,"email":null,"token":null,"avatar":"United States of America-01.png","password":"1","humanName":"American","language":"en-US"},{"id":2,"GUID":"ffc2bbb4-6a07-41c7-b8bd-a14779f3cc78","createdAt":"2018-11-01T17:21:40.000Z","updatedAt":"2018-11-01T17:21:40.000Z","humanId":null,"name":"2","code":null,"email":null,"token":null,"avatar":"Hungary-01.png","password":"2","humanName":"Hungarian","language":"hu-HU"}],"result":{"code":1,"message":"success!"}}
[2019-01-07T13:10:24.208] [TRACE] gate - load.insertUser.request:{"user":"1","password":"1"}
[2019-01-07T13:10:24.271] [TRACE] gate - load.insertUser.response:{"ac4yIdentification":{"GUID":"1e3e6b59-3ae5-4f34-a2b1-2cda5f117ed7","createdAt":1546863024260,"template":{"GUID":"cf30771d-ccf5-4083-9c22-081307ff9ffe","createdAt":1546863024260,"humanId":"Ac4yServiceResponse"}},"result":{"code":1,"message":"success!"}}
[2019-01-07T13:10:24.272] [TRACE] gate - load.insertUser.request:{"user":"2","password":"2"}
[2019-01-07T13:10:24.280] [TRACE] gate - load.insertUser.response:{"ac4yIdentification":{"GUID":"ea101d74-ae38-4198-b721-95d8f7217818","createdAt":1546863024276,"template":{"GUID":"8925e68b-7ae5-4b05-8b9b-2cc4e2e51677","createdAt":1546863024276,"humanId":"Ac4yServiceResponse"}},"result":{"code":1,"message":"success!"}}
[2019-01-07T13:10:24.280] [TRACE] gate - load.end
[2019-01-07T13:24:50.757] [TRACE] gate - load.begin
[2019-01-07T13:24:50.933] [TRACE] gate - load.response:{"list":[{"id":1,"GUID":"4ade2b6a-967f-40d8-b791-8939623238e2","createdAt":"2018-11-01T17:17:43.000Z","updatedAt":"2018-11-01T17:17:43.000Z","humanId":null,"name":"1","code":null,"email":null,"token":null,"avatar":"United States of America-01.png","password":"1","humanName":"American","language":"en-US"},{"id":2,"GUID":"ffc2bbb4-6a07-41c7-b8bd-a14779f3cc78","createdAt":"2018-11-01T17:21:40.000Z","updatedAt":"2018-11-01T17:21:40.000Z","humanId":null,"name":"2","code":null,"email":null,"token":null,"avatar":"Hungary-01.png","password":"2","humanName":"Hungarian","language":"hu-HU"}],"result":{"code":1,"message":"success!"}}
[2019-01-07T13:24:50.938] [TRACE] gate - load.insertUser.request:{"user":"1","password":"1"}
[2019-01-07T13:24:51.009] [TRACE] gate - load.insertUser.response:{"ac4yIdentification":{"GUID":"9fc08f8f-0d4d-4262-aeed-130a7c8e3a3c","createdAt":1546863890993,"template":{"GUID":"a3ccd77a-a848-4cd7-903c-10d62ad7a0e9","createdAt":1546863890993,"humanId":"Ac4yServiceResponse"}},"result":{"code":1,"message":"success!"}}
[2019-01-07T13:24:51.011] [TRACE] gate - load.insertUser.request:{"user":"2","password":"2"}
[2019-01-07T13:24:51.020] [TRACE] gate - load.insertUser.response:{"ac4yIdentification":{"GUID":"a5b8abd1-3991-4e00-8a1e-6cd2a2ff6854","createdAt":1546863891017,"template":{"GUID":"8ffcdeea-7026-4eb9-a646-8de78af9f371","createdAt":1546863891017,"humanId":"Ac4yServiceResponse"}},"result":{"code":1,"message":"success!"}}
[2019-01-07T13:24:51.021] [TRACE] gate - load.end
[2019-01-07T13:28:06.673] [TRACE] gate - load.begin
[2019-01-07T13:28:06.904] [TRACE] gate - load.response:{"list":[{"id":1,"GUID":"4ade2b6a-967f-40d8-b791-8939623238e2","createdAt":"2018-11-01T17:17:43.000Z","updatedAt":"2018-11-01T17:17:43.000Z","humanId":null,"name":"1","code":null,"email":null,"token":null,"avatar":"United States of America-01.png","password":"1","humanName":"American","language":"en-US"},{"id":2,"GUID":"ffc2bbb4-6a07-41c7-b8bd-a14779f3cc78","createdAt":"2018-11-01T17:21:40.000Z","updatedAt":"2018-11-01T17:21:40.000Z","humanId":null,"name":"2","code":null,"email":null,"token":null,"avatar":"Hungary-01.png","password":"2","humanName":"Hungarian","language":"hu-HU"}],"result":{"code":1,"message":"success!"}}
[2019-01-07T13:28:06.913] [TRACE] gate - load.insertUser.request:{"user":"1","password":"1"}
[2019-01-07T13:28:06.976] [TRACE] gate - load.insertUser.response:{"ac4yIdentification":{"GUID":"ca3ab1b3-5af8-4c5d-a3f4-6d108faa7285","createdAt":1546864086965,"template":{"GUID":"22df200b-8807-48b4-8c1a-546760eab418","createdAt":1546864086965,"humanId":"Ac4yServiceResponse"}},"result":{"code":1,"message":"success!"}}
[2019-01-07T13:28:06.978] [TRACE] gate - load.insertUser.request:{"user":"2","password":"2"}
[2019-01-07T13:28:06.987] [TRACE] gate - load.insertUser.response:{"ac4yIdentification":{"GUID":"13a7c5aa-3d4d-4d91-ba8b-4d9bc45fc90e","createdAt":1546864086984,"template":{"GUID":"57b72008-d7b5-4b73-9e9a-0903a99aa3cf","createdAt":1546864086984,"humanId":"Ac4yServiceResponse"}},"result":{"code":1,"message":"success!"}}
[2019-01-07T13:28:06.988] [TRACE] gate - load.end
[2019-01-07T13:29:54.084] [TRACE] gate - load.begin
[2019-01-07T13:29:54.256] [TRACE] gate - load.response:{"list":[{"id":1,"GUID":"4ade2b6a-967f-40d8-b791-8939623238e2","createdAt":"2018-11-01T17:17:43.000Z","updatedAt":"2018-11-01T17:17:43.000Z","humanId":null,"name":"1","code":null,"email":null,"token":null,"avatar":"United States of America-01.png","password":"1","humanName":"American","language":"en-US"},{"id":2,"GUID":"ffc2bbb4-6a07-41c7-b8bd-a14779f3cc78","createdAt":"2018-11-01T17:21:40.000Z","updatedAt":"2018-11-01T17:21:40.000Z","humanId":null,"name":"2","code":null,"email":null,"token":null,"avatar":"Hungary-01.png","password":"2","humanName":"Hungarian","language":"hu-HU"}],"result":{"code":1,"message":"success!"}}
[2019-01-07T13:29:54.261] [TRACE] gate - load.insertUser.request:{"user":"1","password":"1"}
[2019-01-07T13:29:54.313] [TRACE] gate - load.insertUser.response:{"ac4yIdentification":{"GUID":"ee5f3920-c08b-4ce4-b4a4-cef18551abf6","createdAt":1546864194303,"template":{"GUID":"3cc39e07-be3b-4de7-a47a-8862fea75585","createdAt":1546864194303,"humanId":"Ac4yServiceResponse"}},"result":{"code":1,"message":"success!"}}
[2019-01-07T13:29:54.314] [TRACE] gate - load.insertUser.request:{"user":"2","password":"2"}
[2019-01-07T13:29:54.321] [TRACE] gate - load.insertUser.response:{"ac4yIdentification":{"GUID":"4e3948c3-ba8c-4e3d-b2c4-8428eb6015fc","createdAt":1546864194318,"template":{"GUID":"a7b46307-9696-431f-9648-ca7436198cb5","createdAt":1546864194318,"humanId":"Ac4yServiceResponse"}},"result":{"code":1,"message":"success!"}}
[2019-01-07T13:29:54.321] [TRACE] gate - load.end
[2019-01-07T13:40:02.945] [TRACE] gate - load.begin
[2019-01-07T13:40:03.100] [TRACE] gate - load.response:{"list":[{"id":1,"GUID":"4ade2b6a-967f-40d8-b791-8939623238e2","createdAt":"2018-11-01T17:17:43.000Z","updatedAt":"2018-11-01T17:17:43.000Z","humanId":null,"name":"1","code":null,"email":null,"token":null,"avatar":"United States of America-01.png","password":"1","humanName":"American","language":"en-US"},{"id":2,"GUID":"ffc2bbb4-6a07-41c7-b8bd-a14779f3cc78","createdAt":"2018-11-01T17:21:40.000Z","updatedAt":"2018-11-01T17:21:40.000Z","humanId":null,"name":"2","code":null,"email":null,"token":null,"avatar":"Hungary-01.png","password":"2","humanName":"Hungarian","language":"hu-HU"}],"result":{"code":1,"message":"success!"}}
[2019-01-07T13:40:03.105] [TRACE] gate - load.insertUser.request:{"user":"1","password":"1"}
[2019-01-07T13:40:03.164] [TRACE] gate - load.insertUser.response:{"ac4yIdentification":{"GUID":"a41299ed-f865-4f20-bc96-ad421bffd9d0","createdAt":1546864803152,"template":{"GUID":"ed617e25-6bb6-477e-a813-631eaf205a33","createdAt":1546864803152,"humanId":"Ac4yServiceResponse"}},"result":{"code":1,"message":"success!"}}
[2019-01-07T13:40:03.165] [TRACE] gate - load.insertUser.request:{"user":"2","password":"2"}
[2019-01-07T13:40:03.172] [TRACE] gate - load.insertUser.response:{"ac4yIdentification":{"GUID":"ef2edc87-ee52-4f3e-8683-ee3bb61af1c8","createdAt":1546864803171,"template":{"GUID":"1d36a914-10a4-4f53-b2f4-290187f1bd0b","createdAt":1546864803171,"humanId":"Ac4yServiceResponse"}},"result":{"code":1,"message":"success!"}}
[2019-01-07T13:40:03.173] [TRACE] gate - load.end
[2019-01-07T13:41:25.767] [TRACE] gate - load.begin
[2019-01-07T13:41:25.955] [TRACE] gate - load.response:{"list":[{"id":1,"GUID":"4ade2b6a-967f-40d8-b791-8939623238e2","createdAt":"2018-11-01T17:17:43.000Z","updatedAt":"2018-11-01T17:17:43.000Z","humanId":null,"name":"1","code":null,"email":null,"token":null,"avatar":"United States of America-01.png","password":"1","humanName":"American","language":"en-US"},{"id":2,"GUID":"ffc2bbb4-6a07-41c7-b8bd-a14779f3cc78","createdAt":"2018-11-01T17:21:40.000Z","updatedAt":"2018-11-01T17:21:40.000Z","humanId":null,"name":"2","code":null,"email":null,"token":null,"avatar":"Hungary-01.png","password":"2","humanName":"Hungarian","language":"hu-HU"}],"result":{"code":1,"message":"success!"}}
[2019-01-07T13:41:25.961] [TRACE] gate - load.insertUser.request:{"user":"1","password":"1"}
[2019-01-07T13:41:26.023] [TRACE] gate - load.insertUser.response:{"ac4yIdentification":{"GUID":"5862283d-542c-488c-949c-3bd847b63caa","createdAt":1546864886013,"template":{"GUID":"70ad9852-fd77-4ada-9bb9-10ad3f1f5cf4","createdAt":1546864886013,"humanId":"Ac4yServiceResponse"}},"result":{"code":1,"message":"success!"}}
[2019-01-07T13:41:26.025] [TRACE] gate - load.insertUser.request:{"user":"2","password":"2"}
[2019-01-07T13:41:26.032] [TRACE] gate - load.insertUser.response:{"ac4yIdentification":{"GUID":"8db6f07c-beb0-415f-a1ba-c9896fce0dc5","createdAt":1546864886030,"template":{"GUID":"f26fc140-f608-421e-8644-e7e2c6f2a870","createdAt":1546864886030,"humanId":"Ac4yServiceResponse"}},"result":{"code":1,"message":"success!"}}
[2019-01-07T13:41:26.033] [TRACE] gate - load.end
[2019-01-07T13:42:05.872] [TRACE] gate - load.begin
[2019-01-07T13:42:06.035] [TRACE] gate - load.response:{"list":[{"id":1,"GUID":"4ade2b6a-967f-40d8-b791-8939623238e2","createdAt":"2018-11-01T17:17:43.000Z","updatedAt":"2018-11-01T17:17:43.000Z","humanId":null,"name":"1","code":null,"email":null,"token":null,"avatar":"United States of America-01.png","password":"1","humanName":"American","language":"en-US"},{"id":2,"GUID":"ffc2bbb4-6a07-41c7-b8bd-a14779f3cc78","createdAt":"2018-11-01T17:21:40.000Z","updatedAt":"2018-11-01T17:21:40.000Z","humanId":null,"name":"2","code":null,"email":null,"token":null,"avatar":"Hungary-01.png","password":"2","humanName":"Hungarian","language":"hu-HU"}],"result":{"code":1,"message":"success!"}}
[2019-01-07T13:42:06.040] [TRACE] gate - load.insertUser.request:{"user":"1","password":"1"}
[2019-01-07T13:42:06.119] [TRACE] gate - load.insertUser.response:{"ac4yIdentification":{"GUID":"d959b93f-950e-40b0-8ee9-6f9124ab9e89","createdAt":1546864926105,"template":{"GUID":"251b3ba7-83fe-4d28-896c-f61a62d5a8ea","createdAt":1546864926105,"humanId":"Ac4yServiceResponse"}},"result":{"code":1,"message":"success!"}}
[2019-01-07T13:42:06.121] [TRACE] gate - load.insertUser.request:{"user":"2","password":"2"}
[2019-01-07T13:42:06.128] [TRACE] gate - load.insertUser.response:{"ac4yIdentification":{"GUID":"5657abff-ea7b-413d-80f1-3513340879af","createdAt":1546864926126,"template":{"GUID":"f94b6f0d-9afe-4c65-8c52-0ab72564394c","createdAt":1546864926126,"humanId":"Ac4yServiceResponse"}},"result":{"code":1,"message":"success!"}}
[2019-01-07T13:42:06.129] [TRACE] gate - load.end
[2019-01-07T13:43:08.994] [TRACE] gate - load.begin
[2019-01-07T13:43:09.191] [TRACE] gate - load.response:{"list":[{"id":1,"GUID":"4ade2b6a-967f-40d8-b791-8939623238e2","createdAt":"2018-11-01T17:17:43.000Z","updatedAt":"2018-11-01T17:17:43.000Z","humanId":null,"name":"1","code":null,"email":null,"token":null,"avatar":"United States of America-01.png","password":"1","humanName":"American","language":"en-US"},{"id":2,"GUID":"ffc2bbb4-6a07-41c7-b8bd-a14779f3cc78","createdAt":"2018-11-01T17:21:40.000Z","updatedAt":"2018-11-01T17:21:40.000Z","humanId":null,"name":"2","code":null,"email":null,"token":null,"avatar":"Hungary-01.png","password":"2","humanName":"Hungarian","language":"hu-HU"}],"result":{"code":1,"message":"success!"}}
[2019-01-07T13:43:09.196] [TRACE] gate - load.insertUser.request:{"user":"1","password":"1"}
[2019-01-07T13:43:09.225] [TRACE] gate - load.insertUser.response:{"ac4yIdentification":{"GUID":"ab6ee89e-bd6a-45b4-aeb3-e3a1f37ddb8c","createdAt":1546864989215,"template":{"GUID":"88f8129c-59a2-4782-8904-bc72d98b9d83","createdAt":1546864989215,"humanId":"Ac4yServiceResponse"}},"result":{"code":1,"message":"success!"}}
[2019-01-07T13:43:09.226] [TRACE] gate - load.insertUser.request:{"user":"2","password":"2"}
[2019-01-07T13:43:09.233] [TRACE] gate - load.insertUser.response:{"ac4yIdentification":{"GUID":"ba3b5956-0545-42bc-b24e-e901a5d86ac5","createdAt":1546864989231,"template":{"GUID":"3161460a-202d-4434-aa9b-f9f79d8f664d","createdAt":1546864989231,"humanId":"Ac4yServiceResponse"}},"result":{"code":1,"message":"success!"}}
[2019-01-07T13:43:09.235] [TRACE] gate - load.end
[2019-01-07T13:54:20.886] [TRACE] gate - getAllTranslateUsers.request:undefined
[2019-01-07T13:54:20.895] [TRACE] gate - getAllTranslateUsers.response:{"list":[{"id":1,"GUID":"4ade2b6a-967f-40d8-b791-8939623238e2","createdAt":"2018-11-01T17:17:43.000Z","updatedAt":"2018-11-01T17:17:43.000Z","humanId":null,"name":"1","code":null,"email":null,"token":null,"avatar":"United States of America-01.png","password":"1","humanName":"American","language":"en-US"},{"id":2,"GUID":"ffc2bbb4-6a07-41c7-b8bd-a14779f3cc78","createdAt":"2018-11-01T17:21:40.000Z","updatedAt":"2018-11-01T17:21:40.000Z","humanId":null,"name":"2","code":null,"email":null,"token":null,"avatar":"Hungary-01.png","password":"2","humanName":"Hungarian","language":"hu-HU"}],"result":{"code":1,"message":"success!"}}
[2019-01-07T13:54:24.846] [TRACE] gate - getAllTranslateUsers.request:undefined
[2019-01-07T13:54:24.853] [TRACE] gate - getAllTranslateUsers.response:{"list":[{"id":1,"GUID":"4ade2b6a-967f-40d8-b791-8939623238e2","createdAt":"2018-11-01T17:17:43.000Z","updatedAt":"2018-11-01T17:17:43.000Z","humanId":null,"name":"1","code":null,"email":null,"token":null,"avatar":"United States of America-01.png","password":"1","humanName":"American","language":"en-US"},{"id":2,"GUID":"ffc2bbb4-6a07-41c7-b8bd-a14779f3cc78","createdAt":"2018-11-01T17:21:40.000Z","updatedAt":"2018-11-01T17:21:40.000Z","humanId":null,"name":"2","code":null,"email":null,"token":null,"avatar":"Hungary-01.png","password":"2","humanName":"Hungarian","language":"hu-HU"}],"result":{"code":1,"message":"success!"}}
[2019-01-07T14:35:23.776] [TRACE] gate - load.begin
[2019-01-07T14:35:23.948] [TRACE] gate - load.response:{"list":[{"id":1,"GUID":"4ade2b6a-967f-40d8-b791-8939623238e2","createdAt":"2018-11-01T17:17:43.000Z","updatedAt":"2018-11-01T17:17:43.000Z","humanId":null,"name":"1","code":null,"email":null,"token":null,"avatar":"United States of America-01.png","password":"1","humanName":"American","language":"en-US"},{"id":2,"GUID":"ffc2bbb4-6a07-41c7-b8bd-a14779f3cc78","createdAt":"2018-11-01T17:21:40.000Z","updatedAt":"2018-11-01T17:21:40.000Z","humanId":null,"name":"2","code":null,"email":null,"token":null,"avatar":"Hungary-01.png","password":"2","humanName":"Hungarian","language":"hu-HU"}],"result":{"code":1,"message":"success!"}}
[2019-01-07T14:35:23.953] [TRACE] gate - load.insertUser.request:{"user":"1","password":"1"}
[2019-01-07T14:35:24.022] [TRACE] gate - load.insertUser.response:{"ac4yIdentification":{"GUID":"261e1cea-3305-4ce8-96d2-77c38f02ba20","createdAt":1546868124007,"template":{"GUID":"406da907-3ffb-4846-a493-5761263c9086","createdAt":1546868124007,"humanId":"Ac4yServiceResponse"}},"result":{"code":1,"message":"success!"}}
[2019-01-07T14:35:24.023] [TRACE] gate - load.insertUser.request:{"user":"2","password":"2"}
[2019-01-07T14:35:24.033] [TRACE] gate - load.insertUser.response:{"ac4yIdentification":{"GUID":"951f24bc-1f4a-48e6-a8f7-2d08bff4991e","createdAt":1546868124028,"template":{"GUID":"31b39385-5d75-43e6-bad6-11c21a4f4c52","createdAt":1546868124028,"humanId":"Ac4yServiceResponse"}},"result":{"code":1,"message":"success!"}}
[2019-01-07T14:35:24.034] [TRACE] gate - load.end
[2019-01-07T15:12:13.725] [TRACE] gate - load.begin
[2019-01-07T15:12:13.894] [TRACE] gate - load.response:{"list":[{"id":1,"GUID":"4ade2b6a-967f-40d8-b791-8939623238e2","createdAt":"2018-11-01T17:17:43.000Z","updatedAt":"2018-11-01T17:17:43.000Z","humanId":null,"name":"1","code":null,"email":null,"token":null,"avatar":"United States of America-01.png","password":"1","humanName":"American","language":"en-US"},{"id":2,"GUID":"ffc2bbb4-6a07-41c7-b8bd-a14779f3cc78","createdAt":"2018-11-01T17:21:40.000Z","updatedAt":"2018-11-01T17:21:40.000Z","humanId":null,"name":"2","code":null,"email":null,"token":null,"avatar":"Hungary-01.png","password":"2","humanName":"Hungarian","language":"hu-HU"}],"result":{"code":1,"message":"success!"}}
[2019-01-07T15:12:13.895] [TRACE] gate - load.insertUser.request:{"user":"1","password":"1"}
[2019-01-07T15:12:13.948] [TRACE] gate - load.insertUser.response:{"ac4yIdentification":{"GUID":"d56b73a3-ae14-4024-a96c-db3cd42d9db4","createdAt":1546870333940,"template":{"GUID":"e7aa27e8-19e5-4f23-b35b-f0827c26cd2c","createdAt":1546870333941,"humanId":"Ac4yServiceResponse"}},"result":{"code":1,"message":"success!"}}
[2019-01-07T15:12:13.948] [TRACE] gate - load.insertUser.request:{"user":"2","password":"2"}
[2019-01-07T15:12:13.953] [TRACE] gate - load.insertUser.response:{"ac4yIdentification":{"GUID":"30871a60-faf1-4d34-87da-43973c2c1a74","createdAt":1546870333952,"template":{"GUID":"f8bbc6d9-8a05-4ef4-acc7-ce2b8fa75010","createdAt":1546870333952,"humanId":"Ac4yServiceResponse"}},"result":{"code":1,"message":"success!"}}
[2019-01-07T15:12:13.954] [TRACE] gate - load.end
[2019-01-07T15:13:04.632] [TRACE] gate - getAllTranslateUsers.request:undefined
[2019-01-07T15:13:04.637] [TRACE] gate - getAllTranslateUsers.response:{"list":[{"id":1,"GUID":"4ade2b6a-967f-40d8-b791-8939623238e2","createdAt":"2018-11-01T17:17:43.000Z","updatedAt":"2018-11-01T17:17:43.000Z","humanId":null,"name":"1","code":null,"email":null,"token":null,"avatar":"United States of America-01.png","password":"1","humanName":"American","language":"en-US"},{"id":2,"GUID":"ffc2bbb4-6a07-41c7-b8bd-a14779f3cc78","createdAt":"2018-11-01T17:21:40.000Z","updatedAt":"2018-11-01T17:21:40.000Z","humanId":null,"name":"2","code":null,"email":null,"token":null,"avatar":"Hungary-01.png","password":"2","humanName":"Hungarian","language":"hu-HU"}],"result":{"code":1,"message":"success!"}}
[2019-01-07T15:13:06.119] [TRACE] gate - getAllTranslateUsers.request:undefined
[2019-01-07T15:13:06.121] [TRACE] gate - getAllTranslateUsers.response:{"list":[{"id":1,"GUID":"4ade2b6a-967f-40d8-b791-8939623238e2","createdAt":"2018-11-01T17:17:43.000Z","updatedAt":"2018-11-01T17:17:43.000Z","humanId":null,"name":"1","code":null,"email":null,"token":null,"avatar":"United States of America-01.png","password":"1","humanName":"American","language":"en-US"},{"id":2,"GUID":"ffc2bbb4-6a07-41c7-b8bd-a14779f3cc78","createdAt":"2018-11-01T17:21:40.000Z","updatedAt":"2018-11-01T17:21:40.000Z","humanId":null,"name":"2","code":null,"email":null,"token":null,"avatar":"Hungary-01.png","password":"2","humanName":"Hungarian","language":"hu-HU"}],"result":{"code":1,"message":"success!"}}
[2019-01-07T15:24:21.545] [TRACE] gate - getAllTranslateUsers.request:undefined
[2019-01-07T15:24:21.547] [TRACE] gate - getAllTranslateUsers.response:{"list":[{"id":1,"GUID":"4ade2b6a-967f-40d8-b791-8939623238e2","createdAt":"2018-11-01T17:17:43.000Z","updatedAt":"2018-11-01T17:17:43.000Z","humanId":null,"name":"1","code":null,"email":null,"token":null,"avatar":"United States of America-01.png","password":"1","humanName":"American","language":"en-US"},{"id":2,"GUID":"ffc2bbb4-6a07-41c7-b8bd-a14779f3cc78","createdAt":"2018-11-01T17:21:40.000Z","updatedAt":"2018-11-01T17:21:40.000Z","humanId":null,"name":"2","code":null,"email":null,"token":null,"avatar":"Hungary-01.png","password":"2","humanName":"Hungarian","language":"hu-HU"}],"result":{"code":1,"message":"success!"}}
[2019-01-07T15:24:25.897] [TRACE] gate - getAllTranslateUsers.request:undefined
[2019-01-07T15:24:25.900] [TRACE] gate - getAllTranslateUsers.response:{"list":[{"id":1,"GUID":"4ade2b6a-967f-40d8-b791-8939623238e2","createdAt":"2018-11-01T17:17:43.000Z","updatedAt":"2018-11-01T17:17:43.000Z","humanId":null,"name":"1","code":null,"email":null,"token":null,"avatar":"United States of America-01.png","password":"1","humanName":"American","language":"en-US"},{"id":2,"GUID":"ffc2bbb4-6a07-41c7-b8bd-a14779f3cc78","createdAt":"2018-11-01T17:21:40.000Z","updatedAt":"2018-11-01T17:21:40.000Z","humanId":null,"name":"2","code":null,"email":null,"token":null,"avatar":"Hungary-01.png","password":"2","humanName":"Hungarian","language":"hu-HU"}],"result":{"code":1,"message":"success!"}}
[2019-01-07T16:16:39.400] [TRACE] gate - getAllTranslateUsers.request:undefined
[2019-01-07T16:16:39.403] [TRACE] gate - getAllTranslateUsers.response:{"list":[{"id":1,"GUID":"4ade2b6a-967f-40d8-b791-8939623238e2","createdAt":"2018-11-01T17:17:43.000Z","updatedAt":"2018-11-01T17:17:43.000Z","humanId":null,"name":"1","code":null,"email":null,"token":null,"avatar":"United States of America-01.png","password":"1","humanName":"American","language":"en-US"},{"id":2,"GUID":"ffc2bbb4-6a07-41c7-b8bd-a14779f3cc78","createdAt":"2018-11-01T17:21:40.000Z","updatedAt":"2018-11-01T17:21:40.000Z","humanId":null,"name":"2","code":null,"email":null,"token":null,"avatar":"Hungary-01.png","password":"2","humanName":"Hungarian","language":"hu-HU"}],"result":{"code":1,"message":"success!"}}
[2019-01-07T16:16:41.320] [TRACE] gate - getAllTranslateUsers.request:undefined
[2019-01-07T16:16:41.323] [TRACE] gate - getAllTranslateUsers.response:{"list":[{"id":1,"GUID":"4ade2b6a-967f-40d8-b791-8939623238e2","createdAt":"2018-11-01T17:17:43.000Z","updatedAt":"2018-11-01T17:17:43.000Z","humanId":null,"name":"1","code":null,"email":null,"token":null,"avatar":"United States of America-01.png","password":"1","humanName":"American","language":"en-US"},{"id":2,"GUID":"ffc2bbb4-6a07-41c7-b8bd-a14779f3cc78","createdAt":"2018-11-01T17:21:40.000Z","updatedAt":"2018-11-01T17:21:40.000Z","humanId":null,"name":"2","code":null,"email":null,"token":null,"avatar":"Hungary-01.png","password":"2","humanName":"Hungarian","language":"hu-HU"}],"result":{"code":1,"message":"success!"}}
[2019-01-07T17:03:26.299] [TRACE] gate - getAllTranslateUsers.request:undefined
[2019-01-07T17:03:26.303] [TRACE] gate - getAllTranslateUsers.response:{"list":[{"id":1,"GUID":"4ade2b6a-967f-40d8-b791-8939623238e2","createdAt":"2018-11-01T17:17:43.000Z","updatedAt":"2018-11-01T17:17:43.000Z","humanId":null,"name":"1","code":null,"email":null,"token":null,"avatar":"United States of America-01.png","password":"1","humanName":"American","language":"en-US"},{"id":2,"GUID":"ffc2bbb4-6a07-41c7-b8bd-a14779f3cc78","createdAt":"2018-11-01T17:21:40.000Z","updatedAt":"2018-11-01T17:21:40.000Z","humanId":null,"name":"2","code":null,"email":null,"token":null,"avatar":"Hungary-01.png","password":"2","humanName":"Hungarian","language":"hu-HU"}],"result":{"code":1,"message":"success!"}}
[2019-01-07T17:04:19.545] [TRACE] gate - getAllTranslateUsers.request:undefined
[2019-01-07T17:04:19.548] [TRACE] gate - getAllTranslateUsers.response:{"list":[{"id":1,"GUID":"4ade2b6a-967f-40d8-b791-8939623238e2","createdAt":"2018-11-01T17:17:43.000Z","updatedAt":"2018-11-01T17:17:43.000Z","humanId":null,"name":"1","code":null,"email":null,"token":null,"avatar":"United States of America-01.png","password":"1","humanName":"American","language":"en-US"},{"id":2,"GUID":"ffc2bbb4-6a07-41c7-b8bd-a14779f3cc78","createdAt":"2018-11-01T17:21:40.000Z","updatedAt":"2018-11-01T17:21:40.000Z","humanId":null,"name":"2","code":null,"email":null,"token":null,"avatar":"Hungary-01.png","password":"2","humanName":"Hungarian","language":"hu-HU"}],"result":{"code":1,"message":"success!"}}
[2019-01-07T17:07:00.373] [TRACE] gate - getAllTranslateUsers.request:undefined
[2019-01-07T17:07:00.375] [TRACE] gate - getAllTranslateUsers.response:{"list":[{"id":1,"GUID":"4ade2b6a-967f-40d8-b791-8939623238e2","createdAt":"2018-11-01T17:17:43.000Z","updatedAt":"2018-11-01T17:17:43.000Z","humanId":null,"name":"1","code":null,"email":null,"token":null,"avatar":"United States of America-01.png","password":"1","humanName":"American","language":"en-US"},{"id":2,"GUID":"ffc2bbb4-6a07-41c7-b8bd-a14779f3cc78","createdAt":"2018-11-01T17:21:40.000Z","updatedAt":"2018-11-01T17:21:40.000Z","humanId":null,"name":"2","code":null,"email":null,"token":null,"avatar":"Hungary-01.png","password":"2","humanName":"Hungarian","language":"hu-HU"}],"result":{"code":1,"message":"success!"}}
[2019-01-07T17:07:36.911] [TRACE] gate - getAllTranslateUsers.request:undefined
[2019-01-07T17:07:36.914] [TRACE] gate - getAllTranslateUsers.response:{"list":[{"id":1,"GUID":"4ade2b6a-967f-40d8-b791-8939623238e2","createdAt":"2018-11-01T17:17:43.000Z","updatedAt":"2018-11-01T17:17:43.000Z","humanId":null,"name":"1","code":null,"email":null,"token":null,"avatar":"United States of America-01.png","password":"1","humanName":"American","language":"en-US"},{"id":2,"GUID":"ffc2bbb4-6a07-41c7-b8bd-a14779f3cc78","createdAt":"2018-11-01T17:21:40.000Z","updatedAt":"2018-11-01T17:21:40.000Z","humanId":null,"name":"2","code":null,"email":null,"token":null,"avatar":"Hungary-01.png","password":"2","humanName":"Hungarian","language":"hu-HU"}],"result":{"code":1,"message":"success!"}}
[2019-01-07T17:08:02.750] [TRACE] gate - getAllTranslateUsers.request:undefined
[2019-01-07T17:08:02.753] [TRACE] gate - getAllTranslateUsers.response:{"list":[{"id":1,"GUID":"4ade2b6a-967f-40d8-b791-8939623238e2","createdAt":"2018-11-01T17:17:43.000Z","updatedAt":"2018-11-01T17:17:43.000Z","humanId":null,"name":"1","code":null,"email":null,"token":null,"avatar":"United States of America-01.png","password":"1","humanName":"American","language":"en-US"},{"id":2,"GUID":"ffc2bbb4-6a07-41c7-b8bd-a14779f3cc78","createdAt":"2018-11-01T17:21:40.000Z","updatedAt":"2018-11-01T17:21:40.000Z","humanId":null,"name":"2","code":null,"email":null,"token":null,"avatar":"Hungary-01.png","password":"2","humanName":"Hungarian","language":"hu-HU"}],"result":{"code":1,"message":"success!"}}
[2019-01-07T17:08:10.419] [TRACE] gate - getAllTranslateUsers.request:undefined
[2019-01-07T17:08:10.422] [TRACE] gate - getAllTranslateUsers.response:{"list":[{"id":1,"GUID":"4ade2b6a-967f-40d8-b791-8939623238e2","createdAt":"2018-11-01T17:17:43.000Z","updatedAt":"2018-11-01T17:17:43.000Z","humanId":null,"name":"1","code":null,"email":null,"token":null,"avatar":"United States of America-01.png","password":"1","humanName":"American","language":"en-US"},{"id":2,"GUID":"ffc2bbb4-6a07-41c7-b8bd-a14779f3cc78","createdAt":"2018-11-01T17:21:40.000Z","updatedAt":"2018-11-01T17:21:40.000Z","humanId":null,"name":"2","code":null,"email":null,"token":null,"avatar":"Hungary-01.png","password":"2","humanName":"Hungarian","language":"hu-HU"}],"result":{"code":1,"message":"success!"}}
[2019-01-07T17:08:50.913] [TRACE] gate - getAllTranslateUsers.request:undefined
[2019-01-07T17:08:50.915] [TRACE] gate - getAllTranslateUsers.response:{"list":[{"id":1,"GUID":"4ade2b6a-967f-40d8-b791-8939623238e2","createdAt":"2018-11-01T17:17:43.000Z","updatedAt":"2018-11-01T17:17:43.000Z","humanId":null,"name":"1","code":null,"email":null,"token":null,"avatar":"United States of America-01.png","password":"1","humanName":"American","language":"en-US"},{"id":2,"GUID":"ffc2bbb4-6a07-41c7-b8bd-a14779f3cc78","createdAt":"2018-11-01T17:21:40.000Z","updatedAt":"2018-11-01T17:21:40.000Z","humanId":null,"name":"2","code":null,"email":null,"token":null,"avatar":"Hungary-01.png","password":"2","humanName":"Hungarian","language":"hu-HU"}],"result":{"code":1,"message":"success!"}}
[2019-01-07T17:08:52.993] [TRACE] gate - getAllTranslateUsers.request:undefined
[2019-01-07T17:08:52.995] [TRACE] gate - getAllTranslateUsers.response:{"list":[{"id":1,"GUID":"4ade2b6a-967f-40d8-b791-8939623238e2","createdAt":"2018-11-01T17:17:43.000Z","updatedAt":"2018-11-01T17:17:43.000Z","humanId":null,"name":"1","code":null,"email":null,"token":null,"avatar":"United States of America-01.png","password":"1","humanName":"American","language":"en-US"},{"id":2,"GUID":"ffc2bbb4-6a07-41c7-b8bd-a14779f3cc78","createdAt":"2018-11-01T17:21:40.000Z","updatedAt":"2018-11-01T17:21:40.000Z","humanId":null,"name":"2","code":null,"email":null,"token":null,"avatar":"Hungary-01.png","password":"2","humanName":"Hungarian","language":"hu-HU"}],"result":{"code":1,"message":"success!"}}
[2019-01-07T17:21:40.771] [TRACE] gate - getAllTranslateUsers.request:undefined
[2019-01-07T17:21:40.775] [TRACE] gate - getAllTranslateUsers.response:{"list":[{"id":1,"GUID":"4ade2b6a-967f-40d8-b791-8939623238e2","createdAt":"2018-11-01T17:17:43.000Z","updatedAt":"2018-11-01T17:17:43.000Z","humanId":null,"name":"1","code":null,"email":null,"token":null,"avatar":"United States of America-01.png","password":"1","humanName":"American","language":"en-US"},{"id":2,"GUID":"ffc2bbb4-6a07-41c7-b8bd-a14779f3cc78","createdAt":"2018-11-01T17:21:40.000Z","updatedAt":"2018-11-01T17:21:40.000Z","humanId":null,"name":"2","code":null,"email":null,"token":null,"avatar":"Hungary-01.png","password":"2","humanName":"Hungarian","language":"hu-HU"}],"result":{"code":1,"message":"success!"}}
[2019-01-07T17:21:42.498] [TRACE] gate - getAllTranslateUsers.request:undefined
[2019-01-07T17:21:42.500] [TRACE] gate - getAllTranslateUsers.response:{"list":[{"id":1,"GUID":"4ade2b6a-967f-40d8-b791-8939623238e2","createdAt":"2018-11-01T17:17:43.000Z","updatedAt":"2018-11-01T17:17:43.000Z","humanId":null,"name":"1","code":null,"email":null,"token":null,"avatar":"United States of America-01.png","password":"1","humanName":"American","language":"en-US"},{"id":2,"GUID":"ffc2bbb4-6a07-41c7-b8bd-a14779f3cc78","createdAt":"2018-11-01T17:21:40.000Z","updatedAt":"2018-11-01T17:21:40.000Z","humanId":null,"name":"2","code":null,"email":null,"token":null,"avatar":"Hungary-01.png","password":"2","humanName":"Hungarian","language":"hu-HU"}],"result":{"code":1,"message":"success!"}}
